-0.004824716284134008
-0.0026057648279965745
-0.0013279709360479333
-0.0003404308200802643
0.00047554479073735396
0.0011648129368606885
0.0017517014081256835
0.002252798214590088
0.0026806978467703063
0.00304546517055591
0.003355368110037001
0.003617300819720357
0.0038370840314939925
0.004019698724764607
0.00416945705879026
0.004290107669853592
0.004384882931677853
0.004456513342049392
0.004507240063014187
0.004538845589781519
0.004552708598722304
0.004549879630042852
0.0045311678758993895
0.004497226189515364
0.0044486232323944636
0.00438589715740196
0.004309590869751065
0.004220272162757279
0.004118542641208194
0.004005038554455206
0.003880425685234275
0.003745389827437773
0.0036006242552912965
0.003446815889938708
0.0032846323889180163
0.0031147127463273367
0.002937663843106869
0.002754064608369609
0.0025644782338861793
0.0023694715926301613
0.002169639973978944
0.001965634609063603
0.0017581901996635999
0.0015481496922843893
0.0013364837779234076
0.0011243030077438384
0.0009128609742010467
0.0007035476851274318
0.0004978730003465064
0.0002974407334050252
0.0001039146699771081
-8.102173944806485e-05
-0.0002557099235714364
-0.00041856272885140114
-0.0005681107178168264
-0.0007030461299163801
-0.000822262641475712
-0.0009248893587574128
-0.0010103178112518321
-0.0010782210589793315
-0.0011285643713667573
-0.0011616072648909376
-0.0011778969949147217
-0.001178253879417406
-0.0011637490854579696
-0.0011356757303635381
-0.0010955143358091185
-0.0010448938210025588
-0.0009855493282742592
-0.0009192782384307866
-0.0008478957533865271
-0.0007731914002186187
-0.0006968877455472462
-0.0006206025048202905
-0.0005458150915530757
-0.0004738384817164408
-0.00040579707399096554
-0.00034261101383726525
-0.00028498722493483904
-0.00023341716230209402
-0.00018818107422413237
-0.0001493583421552607
-0.00011684326673521864
-9.036549224224795e-05
-6.951411964817697e-05
-5.376445763416052e-05
-4.250630714515226e-05
-3.5072670906216574e-05
-3.0767823748294774e-05
-2.8893768081739157e-05
-2.8774224179997248e-05
-2.977545821668061e-05
-3.132342271384385e-05
-3.291686497497448e-05
-3.413624075351047e-05
-3.464844561216841e-05
-3.420753917039522e-05
-3.2651782947257235e-05
-2.989743707823963e-05
-2.592986195279875e-05
-2.0792545646119193e-05
-1.4574725372660088e-05
-7.398290167730843e-06
5.9535757094117e-07
9.257841496091673e-06
1.8445175132929853e-05
2.8027460596043363e-05
3.7896539214614986e-05
4.797133215175434e-05
5.820073895519894e-05
6.856409427263843e-05
7.90693111684829e-05
8.974895722000229e-05
0.00010065461100448671
0.0001118499267584172
0.00012340289009130884
0.00013537777525436865
0.00014782731368819562
0.00016078555507342433
0.0001742618480441755
0.00018823629167263084
0.00020265691551182456
0.0002174387410133324
0.00023246476667564725
0.0002475888096664301
0.0002626400340348429
0.000277428905563997
0.0002917542405011123
0.00030541096339426713
0.0003181981602869461
0.0003299270083831629
0.0003404281813995301
0.000349558369228251
0.00035720560817306283
0.00036329318988245367
0.0003677819985586718
0.0003706712121060877
0.0003719973886158071
0.00037183204026472856
0.000370277868163234
0.0003674638904884612
0.00036353973985409467
0.00035866943274211394
0.00035302492341484005
0.00034677974749201216
0.0003401030376481746
0.0003331541578107904
0.00032607815554323253
0.0003190021781755069
0.00031203294010117725
0.0003052552699426162
0.000298731710269094
0.00029250309215469214
0.00028658996451988043
0.00028099472570043097
0.00027570428315148207
0.00027069305700461573
0.00026592614403534283
0.00026136246951271355
0.00025695777389543
0.0002526673075041809
0.0002484481369755106
0.00024426100022491493
0.00024007167960248186
0.00023585189389259607
0.00023157973708271392
0.00022723971408236676
0.00022282243995400925
0.00021832407931746123
0.00021374560647168965
0.0002090919649048054
0.00020437119804288053
0.0001995936123870041
0.00019477102081810353
0.00018991609909464153
0.00018504187366208402
0.00018016134495227716
0.00017528723829870235
0.00017043186510761515
0.00016560707042364724
0.00016082423963884835
0.0001560943367085613
0.00015142794849494688
0.00014683531424497916
0.00014232632507772878
0.0001379104850011454
0.00013359683171000416
0.0001293938215926644
0.000125309188470293
0.00012134978922500357
0.00011752145141614394
0.00011382883819586425
0.00011027534441842726
0.00010686303504555445
0.00010359263313951856
0.00010046356033148265
9.747402810446932e-05
9.46211739754502e-05
9.19012330817973e-05
8.930973306891679e-05
8.684169873379324e-05
8.449185267746835e-05
8.225479922021764e-05
8.012518088594347e-05
7.809779964019452e-05
7.616769846754174e-05
7.433020247683235e-05
7.258092219675613e-05
7.091572476671169e-05
6.933068109633646e-05
6.78219985802142e-05
6.638594952208215e-05
6.501880504654929e-05
6.371678302537407e-05
6.247601658742766e-05
6.12925473124756e-05
6.016234448478446e-05
5.908134905037245e-05
5.8045538435100695e-05
5.705100634742103e-05
5.609405027101214e-05
5.5171258660288315e-05
5.427958990388996e-05
5.3416435899055524e-05
5.257966447304109e-05
5.176763676142948e-05
5.0979197813641065e-05
5.0213640952990426e-05
4.9470648562413965e-05
4.8750213823742626e-05
4.805254935334934e-05
4.7377989546674e-05
4.672689371951596e-05
4.609955680803405e-05
4.5496133525974036e-05
4.491658056019714e-05
4.436061975926894e-05
4.382772347440762e-05
4.3317121415380786e-05
4.282782673287189e-05
4.235867766553507e-05
4.1908390098540004e-05
4.1475615830550385e-05
4.105900126098937e-05
4.06572415724877e-05
4.026912623249025e-05
3.989357269411948e-05
3.952964642120471e-05
3.917656668851545e-05
3.88336988863734e-05
3.850053518820411e-05
3.8176666329544006e-05
3.786174783363643e-05
3.755546427435966e-05
3.72574950836535e-05
3.696748502725928e-05
3.668502183048642e-05
3.6409622620065764e-05
3.614072993162901e-05
3.5877717114524144e-05
3.561990211659435e-05
3.5366567931036495e-05
3.511698748649904e-05
3.487045048848812e-05
3.4626289690662236e-05
3.438390427136308e-05
3.414277838158032e-05
3.390249347220986e-05
3.3662733636304264e-05
3.34232838603605e-05
3.318402170136252e-05
3.2944903443664154e-05
3.2705946199775215e-05
3.2467207667181377e-05
3.2228765341245956e-05
3.1990696899749805e-05
3.1753063251161686e-05
3.151589539784101e-05
3.127918584865703e-05
3.104288486781094e-05
3.0806901407264596e-05
3.0571108178659555e-05
3.0335350011948376e-05
3.0099454437929447e-05
2.986324333489094e-05
2.962654449590953e-05
2.938920208798395e-05
2.915108517480875e-05
2.8912093727494004e-05
2.8672161833613397e-05
2.843125809678937e-05
2.8189383476575785e-05
2.7946567028092062e-05
2.7702860144866526e-05
2.7458329985186047e-05
2.7213052764021466e-05
2.6967107532154572e-05
2.672057094755899e-05
2.6473513394544212e-05
2.6225996633758415e-05
2.5978072997288682e-05
2.5729785986904658e-05
2.548117201188273e-05
2.5232262914739616e-05
2.4983088895797717e-05
2.4733681448305518e-05
2.4484075959099343e-05
2.4234313703079347e-05
2.398444305404257e-05
2.373451983754747e-05
2.3484606851305522e-05
2.3234772668392516e-05
2.2985089903468765e-05
2.27356331656825e-05
2.2486476935102656e-05
2.2237693586204692e-05
2.1989351747714325e-05
2.1741515133851968e-05
2.149424192158879e-05
2.124758468231252e-05
2.100159081607925e-05
2.075630338946707e-05
2.0511762241425574e-05
2.0268005206594948e-05
2.002506930554434e-05
1.978299176967822e-05
1.9541810797175335e-05
1.9301565977212854e-05
1.9062298358720913e-05
1.8824050185697488e-05
1.8586864351617066e-05
1.8350783657353604e-05
1.81158499678234e-05
1.788210337126474e-05
1.7649581432914253e-05
1.7418318622104095e-05
1.7188345963604318e-05
1.695969094020874e-05
1.6732377641774455e-05
1.6506427132459818e-05
1.6281857985729025e-05
1.6058686922952393e-05
1.583692948713728e-05
1.561660068180989e-05
1.539771551788733e-05
1.518028942176389e-05
1.4964338478061303e-05
1.4749879498989918e-05
1.4536929929250184e-05
1.4325507613290242e-05
1.4115630460054263e-05
1.3907316050927004e-05
1.3700581234082116e-05
1.3495441748025336e-05
1.3291911908931895e-05
1.3090004385374332e-05
1.2889730074580211e-05
1.2691098080854144e-05
1.2494115787084084e-05
1.2298789002884725e-05
1.2105122166051435e-05
1.1913118572075079e-05
1.17227806082484e-05
1.1534109969874029e-05
1.1347107843217336e-05
1.1161775044815636e-05
1.0978112112996247e-05
1.0796119354505862e-05
1.0615796852218664e-05
1.043714444475184e-05
1.0260161689344485e-05
1.0084847818582685e-05
9.911201702529032e-06
9.739221820955133e-06
9.568906251367082e-06
9.400252673093443e-06
9.233258383795867e-06
9.067920326106499e-06
8.904235116715834e-06
8.742199072736545e-06
8.581808230914304e-06
8.423058354554782e-06
8.26594492784565e-06
8.110463137458604e-06
7.956607844234703e-06
7.80437354879125e-06
7.653754356736129e-06
7.504743948279412e-06
7.3573355580629814e-06
7.211521968019425e-06
7.067295516729624e-06
6.924648124430531e-06
6.783571333875336e-06
6.644056362898569e-06
6.506094164994623e-06
6.369675493111959e-06
6.234790961250665e-06
6.101431099914123e-06
5.969586400954098e-06
5.839247350044755e-06
5.710404445354232e-06
5.583048202988701e-06
5.45716915105267e-06
5.3327578147838965e-06
5.209804695760489e-06
5.08830024960922e-06
4.968234864375999e-06
4.849598843067618e-06
4.732382391407576e-06
4.616575613125562e-06
4.502168511559347e-06
4.389150996879167e-06
4.277512899093188e-06
4.167243982508165e-06
4.058333962037823e-06
3.950772518282067e-06
3.844549310084393e-06
3.739653984163078e-06
3.6360761805036875e-06
3.533805534753988e-06
3.4328316772643967e-06
3.3331442301538187e-06
3.2347328035428217e-06
3.1375869922745103e-06
3.0416963733332595e-06
2.947050505797133e-06
2.8536389326063094e-06
2.761451185218089e-06
2.6704767895227973e-06
2.5807052741585616e-06
2.4921261787388564e-06
2.4047290621236658e-06
2.318503510202939e-06
2.2334391417252623e-06
2.1495256125206704e-06
2.066752617784535e-06
1.985109892244097e-06
1.904587209377346e-06
1.8251743788396827e-06
1.7468612442077852e-06
1.6696376802555996e-06
1.5934935913008985e-06
1.5184189101466065e-06
1.4444035987746875e-06
1.3714376493255211e-06
1.299511087158946e-06
1.2286139737448045e-06
1.1587364106518155e-06
1.0898685430011618e-06
1.022000562507706e-06
9.55122710235726e-07
8.892252781135732e-07
8.242986091239983e-07
7.603330974231033e-07
6.973191869049813e-07
6.352473698020436e-07
5.741081848571155e-07
5.138922158761819e-07
4.5459009029699284e-07
3.961924790502851e-07
3.3869009652409687e-07
2.8207370183655887e-07
2.2633410033866065e-07
1.7146214606863657e-07
1.1744874461872001e-07
6.428485540713577e-08
1.1961494790689388e-08
-3.953026182184389e-08
-9.019927825283856e-08
-1.400543563662942e-07
-1.8910423544531746e-07
-2.3735759213661112e-07
-2.8482304108092193e-07
-3.3150913590034623e-07
-3.7742436993980023e-07
-4.225771774287893e-07
-4.6697593461938626e-07
-5.106289601787748e-07
-5.535445159188246e-07
-5.957308066018019e-07
-6.371959798927891e-07
-6.779481258442235e-07
-7.179952761782182e-07
-7.573454036006019e-07
-7.960064208255093e-07
-8.339861802859299e-07
-8.712924731662281e-07
-9.07933029207854e-07
-9.439155165824609e-07
-9.792475418205334e-07
-1.0139366500572233e-06
-1.0479903251711268e-06
-1.081415990379047e-06
-1.1142210084778638e-06
-1.1464126822767286e-06
-1.1779982548389332e-06
-1.208984909779292e-06
-1.2393797714187787e-06
-1.2691899049193417e-06
-1.2984223161451234e-06
-1.327083951860716e-06
-1.355181699398094e-06
-1.382722386878659e-06
-1.4097127828444872e-06
-1.4361595966825926e-06
-1.4620694782641053e-06
-1.4874490182337219e-06
-1.5123047482951918e-06
-1.5366431409734118e-06
-1.5604706101853986e-06
-1.5837935115337043e-06
-1.6066181421597087e-06
-1.6289507414335436e-06
-1.6507974908113493e-06
-1.672164514473654e-06
-1.693057879412604e-06
-1.713483595356629e-06
-1.7334476157458502e-06
-1.7529558372007616e-06
-1.772014100053549e-06
-1.790628188998365e-06
-1.8088038326353434e-06
-1.8265467043151621e-06
-1.843862422202485e-06
-1.8607565495019709e-06
-1.877234594807201e-06
-1.8933020127113017e-06
-1.9089642035412842e-06
-1.9242265141233047e-06
-1.9390942378461062e-06
-1.953572615057527e-06
-1.967666833445149e-06
-1.9813820280283653e-06
-1.9947232817571096e-06
-2.007695625729936e-06
-2.020304039348656e-06
-2.0325534509329265e-06
-2.0444487376409485e-06
-2.0559947260562998e-06
-2.067196192398083e-06
-2.0780578629451895e-06
-2.08858441417508e-06
-2.09878047352111e-06
-2.108650619261513e-06
-2.11819938116174e-06
-2.1274312406568567e-06
-2.1363506315256027e-06
-2.144961939735758e-06
-2.153269504308529e-06
-2.1612776173106163e-06
-2.1689905245163884e-06
-2.1764124253721906e-06
-2.1835474737021332e-06
-2.1903997778587633e-06
-2.196973400964935e-06
-2.203272361548222e-06
-2.209300633679697e-06
-2.215062147350614e-06
-2.220560788714275e-06
-2.2258004006173567e-06
-2.23078478298452e-06
-2.2355176928977116e-06
-2.2400028450680106e-06
-2.2442439125414104e-06
-2.2482445263538597e-06
-2.25200827649081e-06
-2.255538712065646e-06
-2.258839341529833e-06
-2.2619136332002743e-06
-2.2647650155566927e-06
-2.2673968774359184e-06
-2.2698125685870007e-06
-2.2720154000875425e-06
-2.2740086442009566e-06
-2.275795535351875e-06
-2.277379269947723e-06
-2.2787630070250246e-06
-2.279949868431798e-06
-2.280942939331121e-06
-2.281745268169409e-06
-2.2823598675487348e-06
-2.282789714131666e-06
-2.2830377491012133e-06
-2.2831068785969918e-06
-2.2829999739095086e-06
-2.2827198718568454e-06
-2.2822693751970276e-06
-2.281651252711292e-06
-2.280868239945555e-06
-2.2799230390518107e-06
-2.2788183193551374e-06
-2.2775567178334732e-06
-2.276140839125545e-06
-2.274573255911516e-06
-2.2728565093689735e-06
-2.270993109347387e-06
-2.268985534776518e-06
-2.266836233920179e-06
-2.2645476246815503e-06
-2.2621220948331507e-06
-2.259562002520405e-06
-2.256869676285435e-06
-2.2540474157054354e-06
-2.251097491420432e-06
-2.2480221455099614e-06
-2.244823591810282e-06
-2.2415040161800307e-06
-2.2380655768808718e-06
-2.23451040469645e-06
-2.2308406033685494e-06
-2.227058249878614e-06
-2.2231653945667e-06
-2.2191640616231467e-06
-2.215056249223389e-06
-2.210843929845163e-06
-2.2065290505341687e-06
-2.2021135331895536e-06
-2.19759927485733e-06
-2.1929881479325938e-06
-2.1882820004806965e-06
-2.183482656463255e-06
-2.178591916011742e-06
-2.1736115557129717e-06
-2.16854332889062e-06
-2.163388965751935e-06
-2.158150173661325e-06
-2.1528286375527284e-06
-2.147426020008915e-06
-2.14194396166989e-06
-2.1363840811020448e-06
-2.130747975575315e-06
-2.125037220920437e-06
-2.1192533719373497e-06
-2.1133979625894854e-06
-2.1074725061504777e-06
-2.1014784955967044e-06
-2.0954174037500295e-06
-2.0892906835038146e-06
-2.0830997680885776e-06
-2.076846071286109e-06
-2.070530987588074e-06
-2.064155892497358e-06
-2.0577221427263226e-06
-2.0512310764466058e-06
-2.044684013392211e-06
-2.038082255160857e-06
-2.031427085499463e-06
-2.0247197702803554e-06
-2.017961557933466e-06
-2.0111536796445824e-06
-2.0042973492522583e-06
-1.997393763949632e-06
-1.990444104026696e-06
-1.9834495333540377e-06
-1.9764111994502453e-06
-1.969330233656371e-06
-1.9622077515007204e-06
-1.9550448526710936e-06
-1.947842621331995e-06
-1.9406021261841085e-06
-1.933324420916316e-06
-1.926010544090711e-06
-1.918661519432049e-06
-1.9112783561211647e-06
-1.9038620488068654e-06
-1.8964135778160823e-06
-1.8889339094314245e-06
-1.8814239959506564e-06
-1.8738847758770216e-06
-1.8663171741174965e-06
-1.8587221021413937e-06
-1.8511004581667212e-06
-1.843453127255344e-06
-1.8357809815270989e-06
-1.828084880354083e-06
-1.8203656703923748e-06
-1.8126241858635556e-06
-1.8048612487014154e-06
-1.7970776686352226e-06
-1.7892742432254076e-06
-1.7814517585653826e-06
-1.773610988532142e-06
-1.7657526957814973e-06
-1.7578776314070804e-06
-1.7499865351425621e-06
-1.7420801357938474e-06
-1.7341591509535879e-06
-1.7262242874413073e-06
-1.7182762413311562e-06
-1.7103156980906903e-06
-1.7023433327355088e-06
-1.6943598099997522e-06
-1.6863657843440333e-06
-1.6783619002329925e-06
-1.6703487920996122e-06
-1.6623270847496548e-06
-1.6542973930801428e-06
-1.6462603225036215e-06
-1.6382164691107283e-06
-1.6301664195948553e-06
-1.6221107512838704e-06
-1.6140500327428103e-06
-1.6059848233734059e-06
-1.5979156737471506e-06
-1.589843125724252e-06
-1.5817677126043047e-06
-1.5736899591223263e-06
-1.565610381563744e-06
-1.5575294880141945e-06
-1.5494477784229664e-06
-1.541365744448361e-06
-1.5332838700365947e-06
-1.5252026311482085e-06
-1.5171224959325308e-06
-1.5090439250528157e-06
-1.5009673714602316e-06
-1.4928932806040113e-06
-1.4848220908636467e-06
-1.476754233005671e-06
-1.4686901308656543e-06
-1.4606302010230658e-06
-1.4525748532850141e-06
-1.444524490384902e-06
-1.436479508351177e-06
-1.42844029657474e-06
-1.4204072376899912e-06
-1.4123807078801422e-06
-1.4043610769129015e-06
-1.3963487080889285e-06
-1.3883439586423067e-06
-1.3803471793995468e-06
-1.372358715176095e-06
-1.3643789048833899e-06
-1.3564080812314812e-06
-1.3484465714110248e-06
-1.3404946964985193e-06
-1.3325527720312432e-06
-1.3246211079715703e-06
-1.3167000086118058e-06
-1.308789772871569e-06
-1.3008906941272943e-06
-1.2930030606761456e-06
-1.285127155291927e-06
-1.2772632557524397e-06
-1.2694116345896805e-06
-1.2615725593832585e-06
-1.25374629274057e-06
-1.2459330923681694e-06
-1.238133210992468e-06
-1.2303468967760672e-06
-1.2225743929846925e-06
-1.214815938466967e-06
-1.2070717672341136e-06
-1.1993421089833461e-06
-1.1916271888282433e-06
-1.1839272275921647e-06
-1.1762424417051585e-06
-1.1685730433982515e-06
-1.16091924058053e-06
-1.1532812370175703e-06
-1.1456592325296912e-06
-1.1380534227143992e-06
-1.1304639993349661e-06
-1.1228911501102803e-06
-1.1153350589686108e-06
-1.1077959059009007e-06
-1.100273867349344e-06
-1.0927691158663894e-06
-1.0852818203566095e-06
-1.0778121462194447e-06
-1.0703602551628437e-06
-1.0629263055204698e-06
-1.0555104520574129e-06
-1.0481128462239538e-06
-1.040733635973171e-06
-1.0333729660702166e-06
-1.026030978052666e-06
-1.0187078100164028e-06
-1.011403597202452e-06
-1.0041184713546362e-06
-9.96852561421394e-07
-9.896059932623658e-07
-9.823788895453006e-07
-9.751713702496216e-07
-9.679835522500925e-07
-9.608155497093612e-07
-9.536674737726474e-07
-9.46539432920636e-07
-9.394315328584543e-07
-9.323438765632527e-07
-9.252765644229832e-07
-9.182296940698656e-07
-9.112033605826067e-07
-9.041976565696672e-07
-8.972126720780642e-07
-8.902484945656168e-07
-8.833052091507452e-07
-8.763828985728203e-07
-8.694816430613159e-07
-8.626015206054343e-07
-8.557426069025606e-07
-8.48904975314646e-07
-8.42088696927685e-07
-8.352938408094448e-07
-8.285204736724339e-07
-8.217686601038768e-07
-8.15038462660876e-07
-8.083299417554241e-07
-8.016431557495667e-07
-7.949781610902143e-07
-7.883350120395174e-07
-7.817137611467105e-07
-7.751144588238493e-07
-7.685371536907721e-07
-7.619818924561475e-07
-7.554487199373001e-07
-7.489376792782895e-07
-7.424488116921804e-07
-7.359821567068778e-07
-7.295377521215103e-07
-7.231156338359325e-07
-7.167158364098012e-07
-7.103383924995337e-07
-7.039833331041428e-07
-6.976506878031419e-07
-6.91340484463129e-07
-6.850527493686341e-07
-6.78787507384688e-07
-6.725447816990915e-07
-6.663245940920413e-07
-6.601269650511174e-07
-6.539519132637521e-07
-6.477994562793996e-07
-6.416696101447477e-07
-6.355623895623211e-07
-6.294778078468661e-07
-6.234158769689659e-07
-6.173766075590059e-07
-6.113600090776725e-07
-6.05366089558222e-07
-5.99394855915758e-07
-5.934463136934655e-07
-5.875204673639571e-07
-5.816173200874035e-07
-5.757368739018569e-07
-5.698791296756703e-07
-5.640440871709387e-07
-5.582317449245469e-07
-5.524421005177947e-07
-5.466751503186667e-07
-5.409308896999119e-07
-5.352093129518121e-07
-5.295104134011337e-07
-5.238341831851187e-07
-5.181806136321323e-07
-5.125496949404911e-07
-5.069414164361939e-07
-5.013557664817243e-07
-4.957927324522604e-07
-4.902523007753259e-07
-4.84734457152834e-07
-4.792391861526848e-07
-4.7376647160923824e-07
-4.683162964607452e-07
-4.6288864276917377e-07
-4.5748349188277716e-07
-4.521008241506078e-07
-4.4674061925558437e-07
-4.414028560241677e-07
-4.3608751250962765e-07
-4.3079456598807807e-07
-4.255239930139876e-07
-4.2027576939638956e-07
-4.150498702187073e-07
-4.0984626981496343e-07
-4.046649418649422e-07
-3.9950585932678274e-07
-3.9436899448059517e-07
-3.89254318948286e-07
-3.841618036697676e-07
-3.790914189703644e-07
-3.740431346282198e-07
-3.6901691960863505e-07
-3.64012742460578e-07
-3.5903057097965073e-07
-3.5407037244995975e-07
-3.4913211356084925e-07
-3.4421576049413284e-07
-3.393212787773857e-07
-3.3444863343858244e-07
-3.295977889862721e-07
-3.247687093382063e-07
-3.199613580156286e-07
-3.1517569786571844e-07
-3.104116914224139e-07
-3.056693005455889e-07
-3.0094848678980615e-07
-2.962492111069359e-07
-2.9157143401268927e-07
-2.869151156381644e-07
-2.822802157298465e-07
-2.776666933006806e-07
-2.730745072962052e-07
-2.685036159839298e-07
-2.6395397734587813e-07
-2.594255489279147e-07
-2.549182879349069e-07
-2.504321511078077e-07
-2.4596709483071244e-07
-2.4152307516654504e-07
-2.371000477024194e-07
-2.326979678351255e-07
-2.2831679046185294e-07
-2.239564702101658e-07
-2.1961696143800248e-07
-2.1529821801559633e-07
-2.110001936030313e-07
-2.0672284155508004e-07
-2.024661148498324e-07
-1.9822996622350812e-07
-1.9401434811891098e-07
-1.8981921262595236e-07
-1.85644511656115e-07
-1.8149019676798922e-07
-1.7735621931001611e-07
-1.7324253030153486e-07
-1.6914908056759564e-07
-1.6507582065172777e-07
-1.6102270091506681e-07
-1.56989671413437e-07
-1.5297668191321151e-07
-1.489836820300905e-07
-1.4501062125289138e-07
-1.4105744873339964e-07
-1.371241133854958e-07
-1.3321056401203813e-07
-1.2931674917797992e-07
-1.2544261719847428e-07
-1.2158811639263944e-07
-1.1775319458792336e-07
-1.1393779971486622e-07
-1.101418793392206e-07
-1.063653809950184e-07
-1.026082519625263e-07
-9.887043939116325e-08
-9.51518903351862e-08
-9.145255147216932e-08
-8.777236965415039e-08
-8.411129141596061e-08
-8.046926312986282e-08
-7.684623109278326e-08
-7.32421414271846e-08
-6.965694021984373e-08
-6.609057337514379e-08
-6.254298654766772e-08
-5.901412558232241e-08
-5.550393599887801e-08
-5.201236329727925e-08
-4.853935270784529e-08
-4.508484957984774e-08
-4.164879911585016e-08
-3.823114627258103e-08
-3.483183622484834e-08
-3.14508137668122e-08
-2.8088023704527946e-08
-2.4743410844050928e-08
-2.1416919876449114e-08
-1.810849542141898e-08
-1.481808198763471e-08
-1.1545624032224414e-08
-8.2910660123162e-09
-5.05435230573654e-09
-1.8354272506610719e-09
1.3657649614425997e-09
4.549280087560805e-09
7.715173900540201e-09
1.086350230011008e-08
1.3994321213755306e-08
1.710768662843698e-08
2.0203654416128813e-08
2.3282280662918964e-08
2.6343621355768524e-08
2.938773260455615e-08
3.241467043589376e-08
3.542449101120607e-08
3.841725036503517e-08
4.139300473414233e-08
4.4351810160999805e-08
4.729372285857839e-08
5.021879894865197e-08
5.3127094604540504e-08
5.601866600352905e-08
5.8893569314972486e-08
6.175186070029553e-08
6.459359632885306e-08
6.741883225897765e-08
7.022762481069731e-08
7.302002997493823e-08
7.579610390122988e-08
7.85559026994509e-08
8.129948249534027e-08
8.402689933533531e-08
8.67382091707114e-08
8.94334681747885e-08
9.211273224729588e-08
9.477605739898515e-08
9.74234995335507e-08
1.0005511458640751e-07
1.0267095842159917e-07
1.0527108685558823e-07
1.0785555577620873e-07
1.1042442086907554e-07
1.1297773787927972e-07
1.1551556254001711e-07
1.1803795043777551e-07
1.2054495717093795e-07
1.23036638361678e-07
1.2551304945374042e-07
1.2797424591862567e-07
1.3042028314060238e-07
1.3285121646032317e-07
1.3526710126602177e-07
1.3766799270406187e-07
1.4005394600803888e-07
1.4242501626087517e-07
1.4478125863272494e-07
1.4712272795274523e-07
1.4944947934350923e-07
1.517615675786629e-07
1.5405904753494427e-07
1.563419739265231e-07
1.5861040141602295e-07
1.608643846660675e-07
1.6310397821636284e-07
1.653292364757673e-07
1.6754021395226637e-07
1.6973696485646427e-07
1.7191954350998756e-07
1.7408800406792935e-07
1.7624240059815094e-07
1.7838278719230415e-07
1.8050921769224055e-07
1.8262174607858966e-07
1.8472042601873945e-07
1.8680531130696059e-07
1.8887645546789805e-07
1.9093391210153347e-07
1.9297773460562923e-07
1.9500797635812234e-07
1.9702469066954338e-07
1.9902793067992442e-07
2.0101774945396095e-07
2.0299420005634845e-07
2.0495733534559818e-07
2.0690720823176738e-07
2.0884387135132266e-07
2.1076737736452117e-07
2.126777788880041e-07
2.1457512829257753e-07
2.164594778816412e-07
2.1833088003789643e-07
2.2018938683476819e-07
2.2203505036947187e-07
2.2386792260441014e-07
2.2568805539492841e-07
2.2749550047345452e-07
2.292903095644862e-07
2.310725341982321e-07
2.3284222575819286e-07
2.345994357428565e-07
2.363442152581679e-07
2.3807661554884974e-07
2.3979668768912633e-07
2.415044824954915e-07
2.432000509192519e-07
2.448834435984727e-07
2.465547112069049e-07
2.4821390420814993e-07
2.4986107307373953e-07
2.514962680135101e-07
2.531195392214374e-07
2.547309368677071e-07
2.563305108132281e-07
2.579183109863159e-07
2.594943870615207e-07
2.610587887570086e-07
2.6261156546184393e-07
2.641527667038687e-07
2.656824417412995e-07
2.6720063971736554e-07
2.687074097197849e-07
2.7020280073318327e-07
2.716868615558278e-07
2.731596408868585e-07
2.7462118736197384e-07
2.7607154945430423e-07
2.77510775545783e-07
2.7893891391128633e-07
2.8035601267898234e-07
2.8176211983033106e-07
2.8315728333489734e-07
2.8454155087676014e-07
2.8591497022326505e-07
2.872775889038527e-07
2.886294542655702e-07
2.8997061374269606e-07
2.913011144483375e-07
2.9262100348370623e-07
2.939303277398648e-07
2.952291340682248e-07
2.9651746919728037e-07
2.9779537971278257e-07
2.9906291206963485e-07
3.0032011260378813e-07
3.0156702754017116e-07
3.028037029768298e-07
3.0403018488889266e-07
3.052465191642563e-07
3.0645275151635385e-07
3.076489274881197e-07
3.0883509266213925e-07
3.1001129233947697e-07
3.1117757176568617e-07
3.123339760673678e-07
3.1348055027596064e-07
3.1461733912948754e-07
3.1574438749285403e-07
3.168617399494446e-07
3.179694409716216e-07
3.1906753492072504e-07
3.201560660867234e-07
3.212350785732264e-07
3.22304616360926e-07
3.2336472324415564e-07
3.244154430806897e-07
3.254568194507471e-07
3.2648889587507034e-07
3.27511715684078e-07
3.2852532207337604e-07
3.2952975827029084e-07
3.30525067121501e-07
3.3151129162039314e-07
3.3248847445900764e-07
3.3345665818664193e-07
3.344158853406982e-07
3.3536619833566104e-07
3.363076392410529e-07
3.372402503206854e-07
3.3816407348944265e-07
3.3907915062652325e-07
3.3998552337322074e-07
3.4088323346202566e-07
3.4177232222495514e-07
3.4265283109711853e-07
3.435248012479646e-07
3.443882738588374e-07
3.452432897621538e-07
3.4608988991324807e-07
3.4692811493042264e-07
3.477580054914561e-07
3.485796019965713e-07
3.4939294472307356e-07
3.501980739482681e-07
3.509950298067174e-07
3.517838521792184e-07
3.5256458084347617e-07
3.533372555970209e-07
3.541019159717226e-07
3.5485860137653346e-07
3.556073511411041e-07
3.5634820453164397e-07
3.5708120054870183e-07
3.578063780857692e-07
3.585237760521982e-07
3.5923343309564514e-07
3.599353877725697e-07
3.606296784808283e-07
3.613163435984517e-07
3.619954212972866e-07
3.626669495826462e-07
3.633309664201929e-07
3.6398750961698566e-07
3.6463661679372474e-07
3.652783255671453e-07
3.6591267335969337e-07
3.6653969741935147e-07
3.671594349941021e-07
3.677719231416037e-07
3.68377198733156e-07
3.689752985567919e-07
3.6956625933313803e-07
3.7015011757663654e-07
3.7072690978190437e-07
3.71296672138247e-07
3.71859440938062e-07
3.724152521565406e-07
3.729641417530135e-07
3.7350614549252245e-07
3.7404129910838843e-07
3.745696381118879e-07
3.75091197942926e-07
3.7560601393831536e-07
3.7611412126833545e-07
3.766155550160339e-07
3.7711035003448347e-07
3.7759854121244274e-07
3.7808016320473037e-07
3.78555250614619e-07
3.7902383784712714e-07
3.794859592517622e-07
3.799416490194282e-07
3.8039094122207674e-07
3.8083386987218327e-07
3.8127046870863245e-07
3.817007714861693e-07
3.8212481182472603e-07
3.8254262312219035e-07
3.8295423876851966e-07
3.8335969201885867e-07
3.8375901593802807e-07
3.841522434837914e-07
3.845394075821914e-07
3.8492054091343597e-07
3.85295676169628e-07
3.8566484582875607e-07
3.860280821983102e-07
3.86385417661117e-07
3.8673688427883134e-07
3.8708251410914306e-07
3.8742233899959266e-07
3.877563907977206e-07
3.880847011052323e-07
3.8840730160709977e-07
3.88724223544206e-07
3.890354983953388e-07
3.8934115719916183e-07
3.8964123114897706e-07
3.8993575120811155e-07
3.902247480385463e-07
3.9050825261153855e-07
3.9078629537098966e-07
3.910589068401027e-07
3.9132611737951226e-07
3.915879572705513e-07
3.9184445664784485e-07
3.920956455468908e-07
3.9234155376924716e-07
3.9258221118387837e-07
3.9281764756062187e-07
3.930478923164227e-07
3.932729749435625e-07
3.934929248074402e-07
3.937077710791659e-07
3.93917542858478e-07
3.941222691539181e-07
3.9432197887490084e-07
3.9451670068500556e-07
3.9470646333900863e-07
3.948912952467243e-07
3.9507122492898894e-07
3.952462806806294e-07
3.954164906021835e-07
3.955818829012462e-07
3.9574248548803125e-07
3.9589832622120647e-07
3.9604943286427765e-07
3.9619583303007744e-07
3.963375543116131e-07
3.9647462397278996e-07
3.9660706951145333e-07
3.967349179734292e-07
3.9685819647987994e-07
3.9697693204094567e-07
3.9709115143679187e-07
3.972008815348157e-07
3.973061488733125e-07
3.9740698007384445e-07
3.975034015002432e-07
3.9759543948461993e-07
3.976831202599586e-07
3.977664699204654e-07
3.978455144215687e-07
3.9792027969887123e-07
3.9799079152144247e-07
3.9805707555129466e-07
3.981191573037319e-07
3.9817706231388375e-07
3.9823081591862574e-07
3.982804434270777e-07
3.983259698708037e-07
3.9836742026550756e-07
3.984048197498107e-07
3.984381929032578e-07
3.9846756455519383e-07
3.9849295927723336e-07
3.985144016965021e-07
3.985319161427446e-07
3.985455268703689e-07
3.985552581932593e-07
3.9856113410809334e-07
3.985631787384314e-07
3.985614158232208e-07
3.9855586925208186e-07
3.9854656267673025e-07
3.985335196378591e-07
3.985167637514981e-07
3.984963183402611e-07
3.984722067069362e-07
3.98444451924337e-07
3.984130772238803e-07
3.983781055356366e-07
3.983395596945145e-07
3.982974625195622e-07
3.9825183668708496e-07
3.9820270482184205e-07
3.981500893344782e-07
3.980940126554636e-07
3.980344971320017e-07
3.979715648416704e-07
3.9790523788980306e-07
3.9783553839759354e-07
3.977624881095527e-07
3.9768610892879484e-07
3.976064225046689e-07
3.975234505063493e-07
3.974372144087214e-07
3.973477355558229e-07
3.9725503541460885e-07
3.971591350793169e-07
3.970600557908924e-07
3.9695781850083e-07
3.968524441487288e-07
3.967439536583279e-07
3.966323677154612e-07
3.9651770697424205e-07
3.963999920848187e-07
3.962792434633996e-07
3.961554814191359e-07
3.96028726364271e-07
3.9589899840177167e-07
3.957663177059764e-07
3.9563070423314403e-07
3.954921778998826e-07
3.953507586346954e-07
3.9520646602905375e-07
3.95059319868718e-07
3.9490933963017204e-07
3.9475654473835373e-07
3.9460095470543267e-07
3.9444258869465134e-07
3.942814659445888e-07
3.9411760557883646e-07
3.939510266059987e-07
3.9378174793555256e-07
3.9360978846904514e-07
3.9343516693355974e-07
3.932579019610178e-07
3.9307801219920104e-07
3.9289551612539266e-07
3.927104320979234e-07
3.925227784632287e-07
3.9233257352809326e-07
3.92139835321746e-07
3.9194458200822855e-07
3.9174683152160785e-07
3.915466017285445e-07
3.913439104917339e-07
3.911387754676873e-07
3.909312143287761e-07
3.9072124467203526e-07
3.9050888388435035e-07
3.9029414951914046e-07
3.9007705863815444e-07
3.898576286798239e-07
3.896358766464214e-07
3.894118197305436e-07
3.8918547473224384e-07
3.889568586775852e-07
3.887259882952497e-07
3.884928804051161e-07
3.8825755162880906e-07
3.880200184808962e-07
3.8778029748784017e-07
3.8753840504525604e-07
3.872943574853175e-07
3.870481710886521e-07
3.867998619376335e-07
3.8654944630495916e-07
3.8629693998355155e-07
3.860423590478541e-07
3.8578571931061466e-07
3.855270366004415e-07
3.852663264961428e-07
3.850036047549553e-07
3.8473888683276947e-07
3.844721882211617e-07
3.8420352434033666e-07
3.839329104717214e-07
3.8366036188088236e-07
3.8338589371839884e-07
3.8310952107933893e-07
3.828312589437832e-07
3.825511222680219e-07
3.822691259131832e-07
3.8198528470867466e-07
3.8169961331737034e-07
3.8141212644576026e-07
3.811228386100104e-07
3.8083176427474085e-07
3.8053891792043183e-07
3.802443139403319e-07
3.799479664778893e-07
3.7964988978757474e-07
3.79350098088173e-07
3.790486053486689e-07
3.7874542548650094e-07
3.7844057258167627e-07
3.7813406044854124e-07
3.778259028300709e-07
3.775161133423577e-07
3.772047057045861e-07
3.7689169353284845e-07
3.7657709030049424e-07
3.7626090936588543e-07
3.7594316415479057e-07
3.7562386788282864e-07
3.75303033825095e-07
3.749806751337673e-07
3.7465680486189636e-07
3.7433143604667253e-07
3.740045816142639e-07
3.7367625452255915e-07
3.7334646747964685e-07
3.7301523327688227e-07
3.726825646183889e-07
3.7234847408537265e-07
3.7201297423524894e-07
3.7167607759371256e-07
3.713377965357851e-07
3.7099814338890725e-07
3.7065713049638e-07
3.703147700270407e-07
3.6997107416558705e-07
3.696260550015548e-07
3.692797245848288e-07
3.6893209483444623e-07
3.6858317770513007e-07
3.6823298505247616e-07
3.678815285972676e-07
3.67528820088043e-07
3.6717487111870284e-07
3.6681969335055395e-07
3.6646329825854427e-07
3.6610569735330755e-07
3.657469019908393e-07
3.653869236104017e-07
3.650257733459458e-07
3.6466346256139713e-07
3.643000023034748e-07
3.6393540373785047e-07
3.635696779112431e-07
3.632028358069306e-07
3.6283488827337784e-07
3.6246584630575794e-07
3.620957205939325e-07
3.6172452193482053e-07
3.6135226099449316e-07
3.60978948407301e-07
3.6060459473622307e-07
3.6022921048079706e-07
3.5985280614056083e-07
3.594753920366234e-07
3.590969786526621e-07
3.58717576163078e-07
3.583371947938182e-07
3.57955844735144e-07
3.575735361218056e-07
3.5719027904097214e-07
3.56806083341908e-07
3.5642095921487436e-07
3.5603491635449735e-07
3.5564796470123815e-07
3.5526011397747836e-07
3.548713739174948e-07
3.544817542397042e-07
3.540912645633958e-07
3.5369991445234815e-07
3.5330771336724733e-07
3.52914670836186e-07
3.5252079621675823e-07
3.521260988506977e-07
3.5173058815507474e-07
3.5133427323768327e-07
3.5093716338871085e-07
3.5053926766440545e-07
3.50140595275653e-07
3.4974115523112026e-07
3.493409564681027e-07
3.4894000794372104e-07
3.485383185357944e-07
3.481358971340371e-07
3.4773275254489686e-07
3.47328893420183e-07
3.4692432849893683e-07
3.465190664171074e-07
3.4611311575909784e-07
3.457064850498348e-07
3.4529918281028013e-07
3.448912174781287e-07
3.444825974276343e-07
3.4407333101719016e-07
3.43663426525888e-07
3.432528922129942e-07
3.4284173631001937e-07
3.424299669334869e-07
3.4201759220785023e-07
3.416046202060168e-07
3.411910589255575e-07
3.407769163362876e-07
3.403622003168254e-07
3.399469187973355e-07
3.3953107958902985e-07
3.391146904595045e-07
3.386977591486e-07
3.382802933961569e-07
3.378623007397964e-07
3.3744378888367343e-07
3.370247653376536e-07
3.3660523761556783e-07
3.361852131836659e-07
3.357646995042326e-07
3.3534370385715893e-07
3.3492223371265973e-07
3.345002962951149e-07
3.340778987892534e-07
3.336550485146171e-07
3.3323175251319193e-07
3.3280801799746254e-07
3.323838520530309e-07
3.319592616584417e-07
3.31534253812065e-07
3.3110883542900436e-07
3.3068301354331554e-07
3.3025679488374315e-07
3.298301863931462e-07
3.294031946852817e-07
3.2897582671886916e-07
3.2854808905611955e-07
3.281199884178473e-07
3.2769153133057773e-07
3.2726272453495066e-07
3.2683357442267867e-07
3.264040876194141e-07
3.2597427048911397e-07
3.255441294631416e-07
3.2511367096096523e-07
3.246829013505069e-07
3.242518268410853e-07
3.2382045377286695e-07
3.233887883908564e-07
3.2295683683300093e-07
3.2252460529275897e-07
3.220920998287762e-07
3.216593265750348e-07
3.212262915505296e-07
3.207930006671982e-07
3.20359460066953e-07
3.199256755229537e-07
3.1949165299075387e-07
3.1905739832677984e-07
3.186229172922962e-07
3.181882157278691e-07
3.1775329934718197e-07
3.173181738758135e-07
3.168828449877965e-07
3.164473182659666e-07
3.1601159937246136e-07
3.1557569383460535e-07
3.151396072154089e-07
3.1470334494306963e-07
3.142669125687027e-07
3.138303154768897e-07
3.1339355905617747e-07
3.129566486475317e-07
3.1251958959191815e-07
3.1208238713910574e-07
3.116450466578158e-07
3.112075732193885e-07
3.1076997212910384e-07
3.1033224847019726e-07
3.0989440738538043e-07
3.0945645407287614e-07
3.090183933978403e-07
3.085802304990194e-07
3.08141970312941e-07
3.077036178356085e-07
3.0726517797579387e-07
3.068266556184783e-07
3.063880556843289e-07
3.0594938293937446e-07
3.055106421734344e-07
3.050718382556296e-07
3.0463297580131587e-07
3.041940595923823e-07
3.03755094260045e-07
3.033160845187867e-07
3.0287703492052185e-07
3.0243795006871086e-07
3.0199883447561735e-07
3.015596927328065e-07
3.011205293128911e-07
3.006813486012521e-07
3.0024215515376896e-07
2.998029532566956e-07
2.993637474183305e-07
2.989245418892418e-07
2.9848534099929935e-07
2.980461490981983e-07
2.97606970349275e-07
2.971678090268881e-07
2.9672866936178034e-07
2.9628955547763726e-07
2.9585047161313174e-07
2.9541142178092704e-07
2.949724100571276e-07
2.945334406248953e-07
2.940945174294869e-07
2.936556444914957e-07
2.932168258315152e-07
2.9277806533136085e-07
2.9233936698783556e-07
2.919007346629294e-07
2.914621722344928e-07
2.910236835605508e-07
2.905852724198267e-07
2.901469426663805e-07
2.897086980194593e-07
2.892705422736468e-07
2.8883247907681865e-07
2.8839451217994263e-07
2.879566451515928e-07
2.8751888178635276e-07
2.870812255497045e-07
2.8664368011727906e-07
2.8620624903782523e-07
2.857689358204407e-07
2.8533174400197883e-07
2.848946770518866e-07
2.844577384118553e-07
2.840209315751225e-07
2.83584259959589e-07
2.8314772685627307e-07
2.8271133578220263e-07
2.8227508997288477e-07
2.818389928343252e-07
2.8140304753858967e-07
2.8096725749168374e-07
2.8053162591721937e-07
2.8009615591192573e-07
2.796608507945767e-07
2.792257137491332e-07
2.78790747844569e-07
2.78355956308461e-07
2.779213421939224e-07
2.774869086373334e-07
2.7705265868387716e-07
2.766185953311557e-07
2.761847216917587e-07
2.7575104072363743e-07
2.753175553569877e-07
2.748842686092371e-07
2.7445118337886066e-07
2.7401830263174e-07
2.735856292068739e-07
2.731531659710169e-07
2.727209157790281e-07
2.722888814897319e-07
2.7185706586679057e-07
2.7142547177299345e-07
2.7099410188873616e-07
2.7056295898164606e-07
2.7013204576383944e-07
2.697013650029437e-07
2.692709192960877e-07
2.6884071133952734e-07
2.6841074379383277e-07
2.679810192997488e-07
2.67551540394928e-07
2.671223097002898e-07
2.666933297376265e-07
2.6626460313182244e-07
2.6583613234519377e-07
2.65407919911428e-07
2.6497996834042225e-07
2.645522800270861e-07
2.6412485745356105e-07
2.6369770311388384e-07
2.632708193157323e-07
2.628442084817717e-07
2.6241787293950533e-07
2.6199181517900474e-07
2.615660374008907e-07
2.6114054196438706e-07
2.607153312287177e-07
2.6029040737864305e-07
2.598657728209679e-07
2.5944142957391924e-07
2.5901738008791776e-07
2.5859362636136497e-07
2.5817017082882134e-07
2.577470155045487e-07
2.5732416252176117e-07
2.569016141722764e-07
2.564793724227751e-07
2.5605743943819217e-07
2.556358173794975e-07
2.552145082014766e-07
2.547935139699372e-07
2.5437283678637304e-07
2.539524786491855e-07
2.535324415845316e-07
2.531127275194413e-07
2.526933385078272e-07
2.522742764331033e-07
2.518555432104045e-07
2.514371408777828e-07
2.5101907126314137e-07
2.5060133629747507e-07
2.5018393780075675e-07
2.497668776524353e-07
2.4935015772799473e-07
2.4893377985137276e-07
2.4851774577513576e-07
2.4810205737476766e-07
2.476867164464507e-07
2.472717246198337e-07
2.468570838219465e-07
2.464427957062286e-07
2.4602886196180484e-07
2.4561528435313687e-07
2.452020645693498e-07
2.4478920423216213e-07
2.4437670504259425e-07
2.439645686580505e-07
2.435527967597257e-07
2.4314139086228135e-07
2.427303526151915e-07
2.423196836837909e-07
2.4190938553515983e-07
2.4149945981480745e-07
2.410899079422332e-07
2.406807316779336e-07
2.4027193228280475e-07
2.3986351149751783e-07
2.394554706781309e-07
2.39047811367061e-07
2.3864053500363293e-07
2.3823364299941601e-07
2.378271368928621e-07
2.3742101806778493e-07
2.370152879040331e-07
2.3660994782903622e-07
2.362049992226429e-07
2.3580044348849226e-07
2.353962819826424e-07
2.349925160611515e-07
2.3458914704439187e-07
2.3418617618136445e-07
2.3378360492328936e-07
2.333814344795166e-07
2.3297966615455833e-07
2.325783012608567e-07
2.3217734105534277e-07
2.3177678667996027e-07
2.3137663951455778e-07
2.3097690075262506e-07
2.305775715361058e-07
2.3017865314968665e-07
2.297801467075557e-07
2.2938205346664402e-07
2.2898437453717462e-07
2.2858711110470713e-07
2.2819026427153437e-07
2.27793835227181e-07
2.2739782510169553e-07
2.2700223489427858e-07
2.2660706576669932e-07
2.2621231887676174e-07
2.2581799518005064e-07
2.254240958264399e-07
2.2503062181116513e-07
2.2463757425634461e-07
2.2424495408187743e-07
2.2385276240988183e-07
2.234610001681871e-07
2.2306966841150506e-07
2.226787681112809e-07
2.2228830027464547e-07
2.218982658135677e-07
2.215086657193182e-07
2.2111950094748168e-07
2.2073077236244615e-07
2.2034248099116788e-07
2.1995462770199987e-07
2.1956721338312057e-07
2.1918023897821953e-07
2.187937052525576e-07
2.1840761322912604e-07
2.18021963736627e-07
2.1763675754825152e-07
2.1725199555614312e-07
2.1686767865641038e-07
2.1648380761431417e-07
2.161003832704519e-07
2.1571740639801463e-07
2.153348778336347e-07
2.1495279834257301e-07
2.145711686821602e-07
2.141899896454128e-07
2.1380926200948685e-07
2.1342898650395753e-07
2.1304916379495863e-07
2.1266979480238923e-07
2.1229088008532594e-07
2.1191242046454078e-07
2.1153441651893573e-07
2.1115686904152726e-07
2.107797787381e-07
2.104031461796258e-07
2.100269721630862e-07
2.096512572198022e-07
2.0927600211106956e-07
2.0890120745544115e-07
2.0852687383181895e-07
2.0815300190237173e-07
2.0777959228565228e-07
2.0740664566365474e-07
2.0703416250425884e-07
2.066621435211794e-07
2.062905891941913e-07
2.0591950016167283e-07
2.05548876954945e-07
2.0517872016084e-07
2.0480903032653914e-07
2.044398079992238e-07
2.040710537657261e-07
2.0370276807013532e-07
2.033349514477375e-07
2.029676044338188e-07
2.0260072758745577e-07
2.0223432127343598e-07
2.0186838609445194e-07
2.0150292248666268e-07
2.0113793093380826e-07
2.007734119156636e-07
2.0040936585252744e-07
2.0004579322020965e-07
1.996826945103804e-07
1.9932007009575742e-07
1.9895792040060455e-07
1.9859624586901097e-07
1.982350469609262e-07
1.9787432394597587e-07
1.9751407742685245e-07
1.9715430764939107e-07
1.9679501504975073e-07
1.9643620005616036e-07
1.9607786293824552e-07
1.957200041242351e-07
1.953626239273706e-07
1.9500572273226498e-07
1.9464930097507732e-07
1.9429335880251563e-07
1.9393789676572633e-07
1.9358291498366193e-07
1.9322841389248146e-07
1.928743937816359e-07
1.9252085496040167e-07
1.9216779774995046e-07
1.9181522237629194e-07
1.9146312918438824e-07
1.911115184121443e-07
1.9076039044417315e-07
1.9040974538356688e-07
1.90059583591148e-07
1.8970990531671665e-07
1.8936071079024762e-07
1.890120001941347e-07
1.886637738852353e-07
1.8831603207369874e-07
1.8796877493795376e-07
1.8762200268021951e-07
1.87275715538401e-07
1.8692991373454276e-07
1.865845974470735e-07
1.862397668504569e-07
1.8589542219449307e-07
1.8555156362589008e-07
1.8520819135479728e-07
1.84865305492237e-07
1.8452290628007922e-07
1.8418099381348592e-07
1.8383956827088583e-07
1.8349862982674254e-07
1.831581785603577e-07
1.8281821468188069e-07
1.8247873830233375e-07
1.8213974951687894e-07
1.8180124846429407e-07
1.8146323524767132e-07
1.8112571003750917e-07
1.8078867291310935e-07
1.80452123981529e-07
1.8011606329431424e-07
1.7978049098231275e-07
1.7944540711293096e-07
1.791108117694356e-07
1.7877670505491876e-07
1.7844308698920587e-07
1.7810995767935417e-07
1.7777731717690974e-07
1.7744516549376777e-07
1.771135027687062e-07
1.7678232898982976e-07
1.7645164416903369e-07
1.7612144839751487e-07
1.7579174169113365e-07
1.754625240538551e-07
1.7513379556101582e-07
1.748055561571046e-07
1.7447780590952787e-07
1.741505447984602e-07
1.738237728278667e-07
1.7349749004532837e-07
1.7317169634378793e-07
1.7284639179858197e-07
1.7252157637798987e-07
1.7219725007408142e-07
1.7187341280755497e-07
1.715500645863407e-07
1.7122720535889258e-07
1.7090483510935022e-07
1.705829537623771e-07
1.7026156131797317e-07
1.6994065773648766e-07
1.696202429187935e-07
1.6930031680144936e-07
1.6898087940031559e-07
1.686619304854174e-07
1.6834347017570727e-07
1.6802549828482632e-07
1.6770801477312374e-07
1.673910194938915e-07
1.6707451244316447e-07
1.6675849349406008e-07
1.6644296255538142e-07
1.6612791947645533e-07
1.658133642017707e-07
1.6549929662823537e-07
1.6518571666068738e-07
1.6487262416034883e-07
1.645600190320578e-07
1.6424790106169977e-07
1.6393627024927477e-07
1.636251264044589e-07
1.6331446944795047e-07
1.6300429912598423e-07
1.6269461535529344e-07
1.623854180248558e-07
1.6207670688487115e-07
1.6176848190361882e-07
1.6146074287491453e-07
1.6115348969566616e-07
1.608467220724576e-07
1.605404399220221e-07
1.6023464311351203e-07
1.5992933145263827e-07
1.596245046459848e-07
1.593201626935516e-07
1.590163052900273e-07
1.5871293229663408e-07
1.5841004348736221e-07
1.5810763867188777e-07
1.5780571771936307e-07
1.5750428037998786e-07
1.5720332643568265e-07
1.5690285569215844e-07
1.566028679194404e-07
1.5630336300254122e-07
1.5600434056874312e-07
1.5570580054270954e-07
1.5540774261516406e-07
1.551101665482018e-07
1.548130722030448e-07
1.545164592981723e-07
1.5422032759964438e-07
1.5392467682594025e-07
1.5362950681052645e-07
1.533348172361964e-07
1.5304060794434677e-07
1.5274687865345677e-07
