0.4123788989549293
0.29966183610452435
0.2587538617775915
0.22972176455250293
0.20697522256871442
0.18829319639278855
0.17251048185235207
0.15892239826291443
0.14706397624099404
0.13660973379501656
0.12732176451570892
0.1190201377640959
0.1115648121265454
0.10484402756086687
0.09876658661177787
0.09325657437541976
0.0882496533887437
0.08369040745932839
0.07953041196715512
0.0757268273154414
0.07224137982880195
0.06903963292179933
0.06609047489558054
0.06336576532870368
0.06084009268122372
0.058490603690024665
0.05629687246327997
0.054240784764413075
0.05230642057927312
0.05047992511934255
0.0487493643722031
0.047104565711241726
0.045536946787224086
0.0440393372008776
0.042605797727602784
0.04123144153872851
0.039912261273123174
0.03864496521774697
0.037426825403302735
0.036255540114567976
0.03512911304069637
0.034045750903597356
0.03300378081273125
0.03200158780584511
0.031037572126507484
0.030110124871323175
0.029217619813733574
0.02835841854838939
0.027530885640271882
0.02673341022655757
0.025964430518583638
0.025222457891547853
0.02450609772262601
0.023814064812941006
0.023145192046635264
0.022498431818521868
0.02187285060517849
0.021267617770635638
0.020681990213318027
0.020115294732210912
0.019566910009621963
0.019036249901988173
0.018522749352621944
0.018025853760957347
0.017545012135663406
0.017079673890829625
0.016629288767057
0.016193309104671084
0.015771193575809597
0.01536241148869049
0.01496644688946432
0.014582801873930774
0.014210998748204586
0.013850580909957218
0.013501112530358381
0.013162177278810314
0.012833376434278393
0.012514326764108172
0.01220465852797637
0.011904013892652105
0.011612045939198725
0.011328418327231277
0.011052805569508606
0.010784893780019742
0.010524381700230507
0.010270981785579676
0.010024421146024256
0.009784442174053535
0.009550802751764488
0.009323275994812306
0.00910164955525024
0.00888572455907403
0.008675314291725427
0.008470242762822464
0.00827034327983106
0.008075457141819065
0.007885432533497536
0.007700123662352796
0.007519390144053359
0.007343096609012474
0.007171112480104075
0.007003311860173656
0.00683957346815553
0.006679780572421066
0.006523820886224623
0.006371586408952333
0.006222973214631733
0.006077881202907469
0.005936213835714832
0.005797877884770435
0.005662783211522925
0.005530842593998725
0.005401971606047238
0.005276088545817975
0.005153114403435953
0.0050329728537084365
0.004915590258497036
0.004800895664771835
0.004688820787524766
0.004579299970742267
0.0044722701236446375
0.004367670632765611
0.004265443252861377
0.00416553198106319
0.004067882919344051
0.003972444130527127
0.003879165493002683
0.003787998559203071
0.003698896422738308
0.0036118135988112247
0.0035267059219618894
0.0034435304641897272
0.0033622454750100736
0.0032828103431083687
0.0032051855771571443
0.0031293328013820496
0.0030552147599220243
0.002982795323231377
0.002912039489861651
0.002842913377973723
0.002775384202672861
0.0027094202374673766
0.0026449907604296323
0.0025820659876418595
0.00252061699792447
0.0024606156535120966
0.0024020345212481947
0.0023448467981075486
0.0022890262436841093
0.002234547120935557
0.002181384145244564
0.0021295124409182738
0.0020789075037234614
0.0020295451679554367
0.001981401576769107
0.001934453154959888
0.0018886765838867533
0.0018440487786761338
0.0018005468681222881
0.0017581481777920534
0.0017168302167474274
0.0016765706680920791
0.0016373473832792414
0.0015991383798830956
0.0015619218423498496
0.0015256761251724864
0.0014903797579284026
0.0014560114516986114
0.0014225501064854204
0.001389974819352333
0.0013582648930934227
0.001327399845285172
0.0012973594175961516
0.001268123585226752
0.0012396725663443584
0.0012119868313776377
0.0011850471120484242
0.0011588344100424836
0.0011333300052553
0.001108515463583714
0.0010843726442599639
0.0010608837067362506
0.00103803111712845
0.0010157976542133171
0.0009941664149547846
0.0009731208195162053
0.0009526446157056118
0.0009327218827940823
0.0009133370346599267
0.0008944748222218799
0.000876120335146255
0.0008582590028328569
0.000840876594702905
0.0008239592198198694
0.0008074933258891955
0.0007914656976768271
0.0007758634548957957
0.0007606740495957237
0.0007458852631002052
0.0007314852025234904
0.0007174622969007843
0.0007038052929648067
0.0006905032505956551
0.0006775455379743578
0.000664921826469126
0.0006526220852786016
0.0006406365758655987
0.0006289558462072503
0.000617570724894416
0.000606472315109447
0.0005956519885145493
0.0005851013790773633
0.0005748123768604015
0.000564777121795354
0.0005549879974593628
0.0005454376248667454
0.0005361188562871931
0.0005270247691002416
0.0005181486596907815
0.0005094840374004502
0.0005010246185374269
0.00049276432046115
0.00048469725574668324
0.00047681772644233374
0.000469120218424816
0.0004615993958620405
0.00045425009578306145
0.0004470673227635905
0.0004400462437219029
0.0004331821828327442
0.0004264706165529348
0.000419907168766212
0.0004134876060415062
0.00040720783301048045
0.00040106388786170593
0.0003950519379538411
0.0003891682755461746
0.0003834093136472341
0.000377771581979216
0.0003722517230589083
0.0003668464883914277
0.00036155273477848237
0.00035636742073723185
0.0003512876030299392
0.00034631043330309394
0.00034143315483319356
0.00033665309937766746
0.0003319676841296786
0.00032737440877222995
0.0003228708526314475
0.00031845467192409484
0.00031412359709845794
0.0003098754302657823
0.0003057080427194093
0.0003016193725391535
0.0002976074222792998
0.00029367025673810885
0.00028980600080482873
0.00028601283738267035
0.000282289005386385
0.00027863279780934464
0.00027504255986044265
0.0002715166871666702
0.0002680536240392191
0.00026465186180268897
0.00026130993718301055
0.000258026430753248
0.0002547999654352947
0.00025162920505595004
0.00024851285295390986
0.0002454496506370015
0.00024243837648940916
0.0002394778445222293
0.00023656690317273719
0.0002337044341438389
0.00023088935128693118
0.0002281205995242637
0.00022539715380998554
0.00022271801812902747
0.00022008222453112215
0.00021748883219965974
0.0002149369265541534
0.00021242561838442152
0.00020995404301581724
0.00020752135950471748
0.00020512674986182368
0.00020276941830431753
0.00020044859053375866
0.0001981635130402724
0.00019591345243117014
0.00019369769478382384
0.00019151554502100208
0.00018936632630811231
0.0001872493794735548
0.0001851640624469962
0.00018310974971934329
0.00018108583182134102
0.00017909171481993828
0.00017712681983351935
0.0001751905825627864
0.00017328245283942443
0.00017140189418928567
0.0001695483834124551
0.00016772141017611434
0.00016592047662328753
0.00016414509699371054
0.00016239479725938788
0.00016066911477156365
0.00015896759792012027
0.0001572898058058653
0.0001556353079222299
0.00015400368384968567
0.00015239452295923343
0.00015080742412739077
0.00014924199545928384
0.00014769785402310497
0.0001461746255915797
0.0001446719443939947
0.00014318945287485012
0.0001417268014623855
0.00014028364834345604
0.00013885965924689914
0.000137454507233234
0.00013606787249201467
0.00013469944214599536
0.00013334891006112115
0.0001320159766627473
0.0001307003487593296
0.00012940173936914448
0.00012811986755612457
0.00012685445826732182
0.00012560524217853687
0.0001243719555436136
0.00012315434004835405
0.00012195214266958813
0.00012076511553867815
0.00011959301580921806
0.00011843560552854952
0.00011729265151418165
0.00011616392523271292
0.00011504920268413386
0.00011394826428809496
0.00011286089477458304
0.0001117868830781327
0.00011072602223451463
0.00010967810928088968
0.00010864294515874831
0.00010762033462055029
0.00010661008613801641
0.00010561201181397472
0.00010462592729631165
0.00010365165169432534
0.00010268900749872966
0.00010173782050182899
0.00010079791972239651
9.98691373303569e-05
9.895130857573782e-05
9.804427171798264e-05
9.714786795830286e-05
9.626194137348084e-05
9.538633885146572e-05
9.452091002906337e-05
9.366550723050043e-05
9.281998540961554e-05
9.198420209098259e-05
9.11580173144534e-05
9.034129358116966e-05
8.953389579971014e-05
8.873569123492396e-05
8.794654945817692e-05
8.716634229754449e-05
8.63949437903755e-05
8.563223013769287e-05
8.487807965806031e-05
8.413237274387758e-05
8.33949918185596e-05
8.266582129471042e-05
8.194474753326707e-05
8.123165880362324e-05
8.05264452453421e-05
7.982899882973506e-05
7.913921332340666e-05
7.845698425242065e-05
7.778220886704624e-05
7.711478610715583e-05
7.645461656962588e-05
7.580160247524945e-05
7.515564763662351e-05
7.451665742811727e-05
7.388453875429469e-05
7.325920002142696e-05
7.264055110757372e-05
7.202850333531948e-05
7.142296944333298e-05
7.082386355999095e-05
7.023110117654678e-05
6.964459912217937e-05
6.906427553790857e-05
6.849004985263376e-05
6.792184275887914e-05
6.735957618920513e-05
6.680317329347892e-05
6.625255841637482e-05
6.570765707517298e-05
6.516839593848245e-05
6.463470280521269e-05
6.410650658382452e-05
6.358373727250552e-05
6.306632593923186e-05
6.255420470254606e-05
6.204730671300262e-05
6.15455661342045e-05
6.104891812505518e-05
6.055729882220018e-05
6.0070645322493893e-05
5.9588895665841366e-05
5.9111988819239424e-05
5.863986465986038e-05
5.817246395947997e-05
5.770972836908299e-05
5.725160040288226e-05
5.6798023424104515e-05
5.6348941629976334e-05
5.5904300037211905e-05
5.5464044468470453e-05
5.502812153798733e-05
5.459647863810526e-05
5.416906392679996e-05
5.3745826313607526e-05
5.332671544742394e-05
5.291168170428516e-05
5.250067617438963e-05
5.2093650651115035e-05
5.1690557618260785e-05
5.1291350239122576e-05
5.089598234473908e-05
5.0504408423399345e-05
5.0116583609428605e-05
4.973246367203656e-05
4.935200500592058e-05
4.8975164619792744e-05
4.860190012746712e-05
4.823216973688555e-05
4.786593224138922e-05
4.750314700931942e-05
4.714377397545858e-05
4.6787773631232085e-05
4.6435107016220225e-05
4.608573570887306e-05
4.5739621818262784e-05
4.539672797510049e-05
4.505701732390096e-05
4.472045351460233e-05
4.438700069403521e-05
4.405662349912197e-05
4.37292870476405e-05
4.340495693194266e-05
4.308359921091025e-05
4.276518040248648e-05
4.2449667476537705e-05
4.213702784809161e-05
4.182722936977607e-05
4.152024032572169e-05
4.121602942434874e-05
4.091456579146974e-05
4.0615818964839605e-05
4.0319758886775094e-05
4.00263558985797e-05
3.973558073379559e-05
3.944740451284803e-05
3.9161798736579684e-05
3.8878735280690225e-05
3.859818638971255e-05
3.832012467205931e-05
3.8044523093728215e-05
3.777135497311328e-05
3.750059397603005e-05
3.723221411005794e-05
3.6966189719203304e-05
3.670249547972895e-05
3.644110639397491e-05
3.618199778652882e-05
3.5925145298700445e-05
3.567052488402816e-05
3.541811280356628e-05
3.5167885621672545e-05
3.491982020097161e-05
3.4673893698096794e-05
3.443008355959697e-05
3.418836751726876e-05
3.394872358445805e-05
3.371113005127022e-05
3.3475565481329263e-05
3.324200870677935e-05
3.301043882536282e-05
3.2780835195677105e-05
3.25531774340968e-05
3.232744541049325e-05
3.210361924486743e-05
3.188167930391233e-05
3.166160619653236e-05
3.144338077144951e-05
3.122698411343087e-05
3.1012397539302984e-05
3.079960259550641e-05
3.0588581054087264e-05
3.0379314910028665e-05
3.0171786377686038e-05
2.9965977887934425e-05
2.9761872084821287e-05
2.9559451822747615e-05
2.935870016343666e-05
2.915960037321749e-05
2.8962135919446682e-05
2.8766290468712632e-05
2.8572047883228202e-05
2.8379392218215223e-05
2.8188307719747184e-05
2.7998778821383516e-05
2.7810790141934842e-05
2.762432648281846e-05
2.743937282552543e-05
2.7255914329153374e-05
2.7073936327880295e-05
2.6893424328638593e-05
2.6714364008680805e-05
2.6536741213033345e-05
2.636054195272495e-05
2.618575240202768e-05
2.6012358896439234e-05
2.5840347930230454e-05
2.566970615477878e-05
2.5500420375963802e-05
2.533247755232696e-05
2.5165864792906106e-05
2.5000569355190447e-05
2.4836578643094666e-05
2.467388020503576e-05
2.4512461732095414e-05
2.4352311056117966e-05
2.4193416147302846e-05
2.4035765113132982e-05
2.3879346196040408e-05
2.372414777156896e-05
2.3570158347088693e-05
2.341736655961697e-05
2.3265761174045647e-05
2.3115331082007064e-05
2.296606529929647e-05
2.2817952965010006e-05
2.2670983340065497e-05
2.252514580451341e-05
2.238042985697301e-05
2.2236825113054702e-05
2.2094321303238107e-05
2.1952908271655473e-05
2.181257597480307e-05
2.1673314479958026e-05
2.1535113963644822e-05
2.139796471055254e-05
2.126185711138279e-05
2.1126781662382245e-05
2.099272896353647e-05
2.0859689717273727e-05
2.0727654727131428e-05
2.0596614896490984e-05
2.0466561227352244e-05
2.0337484819134907e-05
2.0209376867172542e-05
2.0082228661958338e-05
1.995603158733994e-05
1.983077711983591e-05
1.9706456827244274e-05
1.958306236757714e-05
1.9460585487663475e-05
1.9339018022685546e-05
1.921835189410085e-05
1.9098579109684102e-05
1.8979691761541318e-05
1.8861682025150536e-05
1.8744542159229168e-05
1.8628264503323173e-05
1.8512841478092865e-05
1.8398265583405862e-05
1.828452939778243e-05
1.8171625577322518e-05
1.8059546854725017e-05
1.794828603859076e-05
1.7837836011882225e-05
1.77281897318906e-05
1.7619340228510216e-05
1.7511280603954086e-05
1.7404004031476767e-05
1.729750375462938e-05
1.7191773086543507e-05
1.7086805408861168e-05
1.6982594171171467e-05
1.687913289007297e-05
1.6776415148075723e-05
1.6674434593367393e-05
1.6573184938619546e-05
1.647265996043545e-05
1.6372853498400256e-05
1.6273759454192417e-05
1.6175371791696175e-05
1.6077684534941133e-05
1.5980691768531932e-05
1.588438763641046e-05
1.578876634098014e-05
1.5693822142957158e-05
1.5599549360487247e-05
1.55059423679016e-05
1.541299559601323e-05
1.5320703530776546e-05
1.5229060712874045e-05
1.5138061736930816e-05
1.5047701251180439e-05
1.4957973956745707e-05
1.4868874606615806e-05
1.4780398005687555e-05
1.4692539009747618e-05
1.4605292524853897e-05
1.4518653507194974e-05
1.4432616961964554e-05
1.4347177943265007e-05
1.426233155311545e-05
1.4178072941146818e-05
1.4094397304202817e-05
1.4011299885670814e-05
1.392877597455889e-05
1.3846820905636523e-05
1.3765430058567653e-05
1.36845988573774e-05
1.3604322770173497e-05
1.3524597308238606e-05
1.3445418026134012e-05
1.3366780520513766e-05
1.3288680430436256e-05
1.3211113436141437e-05
1.3134075259056558e-05
1.3057561661295466e-05
1.2981568444893454e-05
1.2906091451844568e-05
1.2831126563312637e-05
1.2756669699064255e-05
1.268271681762841e-05
1.2609263915260464e-05
1.2536307026014536e-05
1.2463842220693327e-05
1.239186560710847e-05
1.2320373329440903e-05
1.2249361567648298e-05
1.2178826537320384e-05
1.2108764489265868e-05
1.2039171708935603e-05
1.1970044515994193e-05
1.1901379264768784e-05
1.1833172342519747e-05
1.176542017012955e-05
1.169811920149707e-05
1.1631265922924967e-05
1.1564856853002132e-05
1.149888854213437e-05
1.1433357572472093e-05
1.1368260557042829e-05
1.1303594139933209e-05
1.1239354995803163e-05
1.1175539829461867e-05
1.111214537559431e-05
1.1049168398491858e-05
1.0986605691522754e-05
1.092445407742393e-05
1.086271040713326e-05
1.080137156021155e-05
1.0740434444186188e-05
1.0679895994221592e-05
1.0619753173144715e-05
1.0560002970772822e-05
1.0500642403975253e-05
1.0441668515941645e-05
1.0383078376611338e-05
1.0324869081524645e-05
1.0267037752379697e-05
1.0209581536192434e-05
1.0152497605257516e-05
1.0095783156897928e-05
1.0039435413287695e-05
9.983451620643002e-06
9.927829050002607e-06
9.87256499590419e-06
9.817656776808995e-06
9.763101734769326e-06
9.708897234786159e-06
9.65504066518683e-06
9.6015294369124e-06
9.548360983448454e-06
9.495532760630718e-06
9.443042246430247e-06
9.39088694053704e-06
9.33906436440571e-06
9.287572060853834e-06
9.236407593997749e-06
9.185568548872938e-06
9.135052531262794e-06
9.084857167657679e-06
9.034980104827687e-06
8.985419009567011e-06
8.936171568900482e-06
8.887235489520372e-06
8.83860849759025e-06
8.79028833881496e-06
8.742272777908033e-06
8.694559598648668e-06
8.647146603688906e-06
8.600031614190384e-06
8.553212469661506e-06
8.506687028294782e-06
8.46045316572055e-06
8.414508775993318e-06
8.36885177059867e-06
8.323480078739594e-06
8.27839164670694e-06
8.233584438383233e-06
8.18905643442057e-06
8.144805632398956e-06
8.100830046602803e-06
8.05712770787344e-06
8.01369666342809e-06
7.9705349768647e-06
7.927640727484233e-06
7.885012010892982e-06
7.84264693807454e-06
7.800543635967736e-06
7.758700246809903e-06
7.717114928160886e-06
7.675785852664286e-06
7.634711208180207e-06
7.593889197167023e-06
7.553318037065588e-06
7.512995959797649e-06
7.472921211777419e-06
7.433092053544179e-06
7.39350676014254e-06
7.354163620333715e-06
7.315060937132041e-06
7.276197027000962e-06
7.237570220402026e-06
7.199178860878694e-06
7.161021305630258e-06
7.123095925238504e-06
7.085401103079395e-06
7.047935236077703e-06
7.010696733409585e-06
6.9736840176276275e-06
6.936895523493694e-06
6.900329698660448e-06
6.863985002775533e-06
6.8278599082423685e-06
6.791952899399649e-06
6.75626247283923e-06
6.720787136845024e-06
6.685525411939715e-06
6.650475830042107e-06
6.615636934949891e-06
6.581007281830579e-06
6.546585437419325e-06
6.512369979781218e-06
6.478359497950043e-06
6.444552592324352e-06
6.410947874396292e-06
6.377543966202914e-06
6.3443395009017836e-06
6.311333122442009e-06
6.278523485029175e-06
6.24590925373885e-06
6.213489103847816e-06
6.181261721120792e-06
6.14922580124474e-06
6.117380050758428e-06
6.085723185369807e-06
6.054253931434426e-06
6.0229710249541535e-06
5.991873211453823e-06
5.960959246625357e-06
5.930227895466942e-06
5.899677932570307e-06
5.869308141972451e-06
5.839117317134212e-06
5.809104260581866e-06
5.779267784372228e-06
5.749606709417052e-06
5.720119865590755e-06
5.690806091996719e-06
5.661664236380044e-06
5.632693155288491e-06
5.603891714313313e-06
5.575258787113444e-06
5.546793256347317e-06
5.518494012989872e-06
5.490359956455583e-06
5.462389994476739e-06
5.434583043104131e-06
5.406938026520776e-06
5.379453877085616e-06
5.352129535186925e-06
5.324963949119466e-06
5.297956075101569e-06
5.271104877333568e-06
5.244409327694264e-06
5.2178684058158e-06
5.191481098625506e-06
5.165246401286197e-06
5.139163315926385e-06
5.11323085227983e-06
5.087448027375783e-06
5.061813865962152e-06
5.036327399313892e-06
5.010987666600906e-06
4.985793713854461e-06
4.960744593890201e-06
4.9358393669516696e-06
4.9110771000708905e-06
4.886456867151146e-06
4.861977748795408e-06
4.837638832745369e-06
4.813439213059104e-06
4.7893779906157695e-06
4.765454273038094e-06
4.74166717435768e-06
4.718015814875736e-06
4.694499321751064e-06
4.67111682817089e-06
4.647867473869771e-06
4.6247504047365395e-06
4.601764772858559e-06
4.578909736759108e-06
4.5561844607500075e-06
4.533588115332714e-06
4.511119876974638e-06
4.488778928206606e-06
4.4665644574564e-06
4.444475658891353e-06
4.422511732672697e-06
4.40067188468942e-06
4.378955326377051e-06
4.357361274990731e-06
4.335888953374148e-06
4.314537590166912e-06
4.293306419192863e-06
4.272194679894553e-06
4.251201617205293e-06
4.23032648148915e-06
4.209568528475293e-06
4.188927018977655e-06
4.168401219139111e-06
4.147990400809301e-06
4.127693840411873e-06
4.1075108195936e-06
4.087440625469704e-06
4.067482549848461e-06
4.047635889695714e-06
4.027899946882277e-06
4.0082740284666224e-06
3.988757446014656e-06
3.969349516182587e-06
3.950049560421313e-06
3.930856904821237e-06
3.9117708804079885e-06
3.89279082276749e-06
3.8739160723207e-06
3.855145973767427e-06
3.836479876723016e-06
3.817917135272052e-06
3.7994571079865072e-06
3.7810991577881497e-06
3.7628426522289377e-06
3.7446869632650584e-06
3.7266314669409024e-06
3.7086755442228493e-06
3.690818579627453e-06
3.6730599626493912e-06
3.655399086511427e-06
3.637835348737646e-06
3.620368151335307e-06
3.6029969000058524e-06
3.5857210048665496e-06
3.5685398798710744e-06
3.551452943274004e-06
3.5344596171069105e-06
3.517559327529549e-06
3.500751504579556e-06
3.484035582150934e-06
3.4674109980167284e-06
3.450877194074895e-06
3.4344336155428682e-06
3.4180797119488172e-06
3.401814936076445e-06
3.3856387451765603e-06
3.3695505993686918e-06
3.3535499628243434e-06
3.337636303539891e-06
3.3218090928766703e-06
3.306067805762084e-06
3.290411920803469e-06
3.274840920283018e-06
3.259354289739222e-06
3.243951518307884e-06
3.2286320984389126e-06
3.2133955262101528e-06
3.198241301023236e-06
3.183168925563954e-06
3.1681779061041687e-06
3.1532677519110737e-06
3.138437975870263e-06
3.123688093845135e-06
3.109017625346984e-06
3.0944260925987318e-06
3.079913021330758e-06
3.065477940506774e-06
3.0511203821845104e-06
3.036839881322009e-06
3.022635976244375e-06
3.0085082082897757e-06
2.9944561218831083e-06
2.980479264304897e-06
2.966577186028346e-06
2.9527494405278967e-06
2.9389955841421743e-06
2.925315176190119e-06
2.9117077788537538e-06
2.8981729573543542e-06
2.8847102797768794e-06
2.871319316823023e-06
2.8579996422739937e-06
2.844750832591773e-06
2.8315724673309153e-06
2.8184641283291533e-06
2.8054254005139856e-06
2.7924558714450295e-06
2.7795551314108927e-06
2.7667227733986e-06
2.7539583931383467e-06
2.74126158872856e-06
2.728631961236865e-06
2.7160691141399177e-06
2.7035726536389123e-06
2.691142188341836e-06
2.6787773295223257e-06
2.6664776912001245e-06
2.6542428893684856e-06
2.6420725431281706e-06
2.6299662734600136e-06
2.617923704411595e-06
2.605944462036342e-06
2.594028174962231e-06
2.5821744742870073e-06
2.57038299338845e-06
2.5586533681922913e-06
2.546985236687381e-06
2.5353782395176018e-06
2.5238320194324553e-06
2.5123462216138904e-06
2.5009204934440953e-06
2.4895544845751565e-06
2.478247847065032e-06
2.4670002350444874e-06
2.4558113048587307e-06
2.444680715224866e-06
2.4336081269792903e-06
2.422593203145113e-06
2.4116356087333373e-06
2.4007350111048273e-06
2.389891079734672e-06
2.3791034860773997e-06
2.3683719040240763e-06
2.357696008892963e-06
2.3470754787458796e-06
2.3365099934309633e-06
2.3259992348290765e-06
2.3155428868662674e-06
2.3051406354101273e-06
2.2947921684097086e-06
2.2844971757488215e-06
2.274255349446569e-06
2.2640663831928666e-06
2.2539299728418296e-06
2.2438458160328265e-06
2.233813612454443e-06
2.2238330637584024e-06
2.2139038730016344e-06
2.204025745914511e-06
2.1941983891658957e-06
2.1844215121422934e-06
2.1746948254286947e-06
2.1650180417517004e-06
2.155390875546763e-06
2.1458130431751375e-06
2.136284262548921e-06
2.1268042535926924e-06
2.1173727377807466e-06
2.107989438333093e-06
2.0986540806091118e-06
2.089366391186577e-06
2.0801260984127657e-06
2.0709329327466125e-06
2.0617866258609133e-06
2.0526869114993364e-06
2.0436335247446168e-06
2.034626202371433e-06
2.0256646830769557e-06
2.0167487068951647e-06
2.007878015603551e-06
1.9990523525730225e-06
1.9902714625747524e-06
1.981535092502946e-06
1.9728429902335036e-06
1.9641949055722163e-06
1.9555905894946283e-06
1.947029795136159e-06
1.9385122766173365e-06
1.9300377896306257e-06
1.9216060918284263e-06
1.9132169418443026e-06
1.904870100110338e-06
1.896565328279949e-06
1.888302389814146e-06
1.8800810493488359e-06
1.871901072987672e-06
1.8637622286362501e-06
1.8556642851490738e-06
1.8476070131599404e-06
1.8395901843274669e-06
1.8316135722062562e-06
1.8236769513270277e-06
1.8157800978196873e-06
1.807922789064985e-06
1.8001048038735e-06
1.7923259224958563e-06
1.7845859265553053e-06
1.776884598523796e-06
1.7692217229652836e-06
1.7615970851825387e-06
1.7540104718979973e-06
1.7464616713806404e-06
1.7389504730732967e-06
1.7314766674714264e-06
1.72404004668672e-06
1.7166404038325274e-06
1.709277533392046e-06
1.7019512313100748e-06
1.694661294382989e-06
1.6874075207860727e-06
1.6801897099948017e-06
1.673007662733297e-06
1.665861180743222e-06
1.6587500672618631e-06
1.651674126447757e-06
1.6446331636197459e-06
1.6376269854722096e-06
1.6306554000139018e-06
1.6237182159431783e-06
1.6168152433554758e-06
1.6099462935512888e-06
1.6031111791330343e-06
1.596309713322511e-06
1.5895417108184745e-06
1.5828069875530722e-06
1.576105360138451e-06
1.5694366468761335e-06
1.5628006665884784e-06
1.5561972394796545e-06
1.5496261867748307e-06
1.5430873308085396e-06
1.5365804949204608e-06
1.5301055036627295e-06
1.523662182428938e-06
1.5172503577583025e-06
1.5108698571379872e-06
1.504520509378647e-06
1.4982021439194227e-06
1.4919145916588952e-06
1.4856576839825272e-06
1.4794312536055173e-06
1.473235134198951e-06
1.4670691605671053e-06
1.460933168193168e-06
1.4548269937416644e-06
1.448750474801871e-06
1.442703450020922e-06
1.4366857588019112e-06
1.430697241688496e-06
1.4247377400199455e-06
1.4188070963100856e-06
1.4129051538054828e-06
1.4070317566984268e-06
1.4011867500923796e-06
1.3953699802982212e-06
1.3895812939766739e-06
1.3838205392638064e-06
1.3780875648913645e-06
1.3723822205759143e-06
1.3667043567951015e-06
1.3610538251688644e-06
1.3554304778510853e-06
1.3498341682178122e-06
1.344264750135992e-06
1.338722078840311e-06
1.333206009890962e-06
1.3277164000380229e-06
1.322253106632367e-06
1.3168159882368478e-06
1.3114049038332936e-06
1.3060197135701973e-06
1.3006602780898056e-06
1.2953264589682302e-06
1.2900181189193662e-06
1.2847351210727004e-06
1.279477329261615e-06
1.2742446087031183e-06
1.2690368247460264e-06
1.2638538439998653e-06
1.2586955336194686e-06
1.2535617617343336e-06
1.2484523967349219e-06
1.2433673085675208e-06
1.2383063672552938e-06
1.2332694439688358e-06
1.22825641038781e-06
1.2232671393364812e-06
1.218301503812857e-06
1.2133593779244331e-06
1.208440636569295e-06
1.2035451550537737e-06
1.1986728097852e-06
1.193823477618804e-06
1.1889970362836764e-06
1.1841933639970325e-06
1.1794123400119436e-06
1.1746538440237305e-06
1.1699177564894233e-06
1.1652039586963045e-06
1.1605123323195252e-06
1.155842760085968e-06
1.1511951250361851e-06
1.1465693112601934e-06
1.1419652032426837e-06
1.137382686295208e-06
1.1328216462270831e-06
1.1282819697033778e-06
1.1237635439373414e-06
1.1192662566263985e-06
1.1147899965236782e-06
1.1103346528596926e-06
1.1059001151797668e-06
1.1014862739552237e-06
1.097093020481425e-06
1.0927202462915181e-06
1.0883678437919717e-06
1.0840357057941367e-06
1.0797237260189455e-06
1.0754317985865441e-06
1.0711598183159496e-06
1.0669076804197379e-06
1.0626752811004967e-06
1.0584625168813074e-06
1.0542692849665607e-06
1.050095482871513e-06
1.0459410093670946e-06
1.0418057630315454e-06
1.0376896436619614e-06
1.0335925511080172e-06
1.029514386209975e-06
1.0254550501314277e-06
1.0214144446934963e-06
1.0173924723164934e-06
1.0133890357440607e-06
1.009404038515583e-06
1.0054373847192223e-06
1.0014889789703932e-06
9.975587262203124e-07
9.936465322250017e-07
9.89752303260377e-07
9.858759458384657e-07
9.820173673916537e-07
9.781764755714494e-07
9.743531789429293e-07
9.705473859708197e-07
9.667590063177671e-07
9.629879497046735e-07
9.5923412661987e-07
9.554974478648413e-07
9.517778247774002e-07
9.480751694044496e-07
9.443893938953322e-07
9.407204114188902e-07
9.370681352588717e-07
9.334324792495131e-07
9.298133577494917e-07
9.262106857716343e-07
9.226243783870324e-07
9.190543515214476e-07
9.155005215503108e-07
9.11962805055163e-07
9.084411194184006e-07
9.049353822494898e-07
9.014455118709584e-07
8.979714265763761e-07
8.945130456057474e-07
8.910702886362914e-07
8.876430754595771e-07
8.842313265994993e-07
8.808349630279318e-07
8.774539058050441e-07
8.740880770501637e-07
8.707373986480514e-07
8.674017935012784e-07
8.640811846143061e-07
8.607754953274269e-07
8.574846498038939e-07
8.542085723853227e-07
8.509471878171297e-07
8.477004212847882e-07
8.444681986064129e-07
8.412504455960914e-07
8.380470887067871e-07
8.348580550224052e-07
8.316832717842619e-07
8.285226665502492e-07
8.253761675414911e-07
8.222437030322984e-07
8.19125202281949e-07
8.160205943315879e-07
8.129298089801893e-07
8.098527761263628e-07
8.067894264882897e-07
8.037396907348174e-07
8.007035001481844e-07
7.976807863957462e-07
7.946714814302903e-07
7.916755176724213e-07
7.886928278412031e-07
7.857233451308818e-07
7.827670030698477e-07
7.798237353948864e-07
7.76893476359886e-07
7.739761606055568e-07
7.710717231684955e-07
7.681800993344808e-07
7.653012247704488e-07
7.624350354219725e-07
7.59581467895605e-07
7.567404587944516e-07
7.539119451860433e-07
7.510958645468323e-07
7.482921547451922e-07
7.455007537944586e-07
7.427216002545282e-07
7.399546327390641e-07
7.37199790737389e-07
7.344570136328585e-07
7.317262410738734e-07
7.290074133012805e-07
7.263004707388411e-07
7.236053543755723e-07
7.209220051545678e-07
7.182503647014322e-07
7.155903745675222e-07
7.129419770847006e-07
7.103051144862284e-07
7.076797296595554e-07
7.050657654592386e-07
7.024631654699265e-07
6.99871873319278e-07
6.97291832745364e-07
6.947229883279397e-07
6.921652844263755e-07
6.896186661822506e-07
6.87083078613054e-07
6.84558467213743e-07
6.820447777262009e-07
6.795419564558754e-07
6.770499496894851e-07
6.745687039725716e-07
6.720981663219131e-07
6.696382840946779e-07
6.671890048275594e-07
6.6475027623904e-07
6.623220465545248e-07
6.599042640730205e-07
6.574968774792411e-07
6.550998358175523e-07
6.527130882053547e-07
6.503365843723304e-07
6.479702738113603e-07
6.45614106652528e-07
6.432680332490605e-07
6.409320043279993e-07
6.386059706412759e-07
6.362898832143763e-07
6.339836937133945e-07
6.316873535715864e-07
6.294008147534922e-07
6.271240294366011e-07
6.248569501744842e-07
6.225995294396802e-07
6.203517203589309e-07
6.181134762045219e-07
6.158847501274894e-07
6.136654961477547e-07
6.114556680541019e-07
6.092552201433786e-07
6.070641068262562e-07
6.048822827745042e-07
6.027097030195511e-07
6.005463225712716e-07
5.983920970608914e-07
5.962469820346435e-07
5.941109334414683e-07
5.919839073345041e-07
5.898658602415334e-07
5.877567487225997e-07
5.856565294764959e-07
5.835651597565285e-07
5.814825968686564e-07
5.794087981850852e-07
5.773437215464381e-07
5.752873249983601e-07
5.732395667348788e-07
5.712004051629754e-07
5.691697988669e-07
5.671477068743986e-07
5.651340882131898e-07
5.631289022145806e-07
5.611321082953833e-07
5.591436664320252e-07
5.571635362910701e-07
5.551916783626549e-07
5.532280528434793e-07
5.512726203912992e-07
5.493253417420153e-07
5.473861779968555e-07
5.454550903363283e-07
5.435320402133738e-07
5.416169892140215e-07
5.397098993190869e-07
5.37810732465745e-07
5.359194508539786e-07
5.340360170411673e-07
5.321603935387892e-07
5.302925432451765e-07
5.284324293412929e-07
5.265800147486514e-07
5.247352632729532e-07
5.228981380628122e-07
5.210686034891904e-07
5.19246623022397e-07
5.174321612684244e-07
5.156251823534754e-07
5.138256508653774e-07
5.120335318541497e-07
5.102487897846648e-07
5.084713902291581e-07
5.067012982013394e-07
5.049384793056927e-07
5.031828992208868e-07
5.014345238861324e-07
4.996933190916483e-07
4.979592511838763e-07
4.962322866740717e-07
4.945123920961311e-07
4.927995339323851e-07
4.910936793199489e-07
4.893947954163103e-07
4.877028492645212e-07
4.860178084276026e-07
4.843396405948753e-07
4.826683133644462e-07
4.810037947892533e-07
4.793460529658339e-07
4.776950560224294e-07
4.760507725353144e-07
4.744131712251902e-07
4.727822206246835e-07
4.711578897308837e-07
4.695401477056969e-07
4.679289638452588e-07
4.663243075686057e-07
4.6472614815428256e-07
4.631344557333054e-07
4.615491999234837e-07
4.599703508552366e-07
4.583978787949123e-07
4.5683175400657923e-07
4.552719470907535e-07
4.5371842858166343e-07
4.5217116941286155e-07
4.506301403938345e-07
4.49095312883499e-07
4.4756665793771373e-07
4.460441469946677e-07
4.445277517740553e-07
4.4301744378993996e-07
4.4151319495967423e-07
4.4001497740508084e-07
4.385227630468828e-07
4.3703652437279476e-07
4.355562337895151e-07
4.340818637059964e-07
4.3261338693391355e-07
4.3115077638575405e-07
4.296940050476301e-07
4.282430459469896e-07
4.267978723689972e-07
4.2535845782481295e-07
4.239247757932968e-07
4.224967998478924e-07
4.210745040655921e-07
4.196578622713115e-07
4.1824684845478843e-07
4.1684143689576216e-07
4.154416019226756e-07
4.140473180083999e-07
4.126585598336767e-07
4.1127530210529204e-07
4.098975196897558e-07
4.085251875611894e-07
4.071582808262487e-07
4.057967747773691e-07
4.044406447477587e-07
4.03089866311916e-07
4.0174441505509163e-07
4.004042666004753e-07
3.990693970816063e-07
3.977397822338068e-07
3.96415398450023e-07
3.9509622163208784e-07
3.937822285314803e-07
3.9247339524316844e-07
3.9116969869023936e-07
3.898711153465864e-07
3.8857762215340365e-07
3.872891961702586e-07
3.860058142386316e-07
3.847274536180225e-07
3.8345409174125216e-07
3.8218570597599064e-07
3.8092227385529717e-07
3.796637728215918e-07
3.7841018084860316e-07
3.7716147576957345e-07
3.759176355667086e-07
3.746786381967148e-07
3.7344446207906865e-07
3.722150853868366e-07
3.709904864918958e-07
3.6977064416035426e-07
3.685555367221547e-07
3.6734514318355524e-07
3.6613944213277645e-07
3.649384128785365e-07
3.6374203403056166e-07
3.625502851830385e-07
3.613631454067546e-07
3.6018059401039407e-07
3.590026106238016e-07
3.578291748094086e-07
3.5666026609281806e-07
3.554958643168303e-07
3.5433594967486196e-07
3.531805016539734e-07
3.5202950070529357e-07
3.5088292681319907e-07
3.497407604248373e-07
3.486029817964585e-07
3.474695714533627e-07
3.4634050998881457e-07
3.45215778037987e-07
3.4409535632610896e-07
3.4297922582423533e-07
3.418673675464623e-07
3.4075976230805956e-07
3.3965639146636903e-07
3.3855723624334734e-07
3.374622778382853e-07
3.363714978237492e-07
3.3528487764598256e-07
3.342023989913905e-07
3.3312404340929385e-07
3.320497928324841e-07
3.309796290889537e-07
3.2991353417775386e-07
3.288514901959209e-07
3.277934791753451e-07
3.2673948344925347e-07
3.256894852919576e-07
3.2464346703270575e-07
3.236014113536308e-07
3.2256330077429146e-07
3.215291179484842e-07
3.2049884559740634e-07
3.194724666337041e-07
3.184499639116737e-07
3.1743132043797684e-07
3.1641651929233897e-07
3.1540554379521594e-07
3.143983771469721e-07
3.133950024788594e-07
3.1239540347440136e-07
3.1139956355202164e-07
3.104074662796776e-07
3.094190951828377e-07
3.0843443426277197e-07
3.074534671485948e-07
3.06476177834767e-07
3.055025502336094e-07
3.0453256847948204e-07
3.0356621672373015e-07
3.0260347901970113e-07
3.0164433971188467e-07
3.00688783416089e-07
2.997367942258606e-07
2.9878835673547125e-07
2.9784345572101426e-07
2.969020756702599e-07
2.959642014153673e-07
2.9502981782927394e-07
2.94098909595721e-07
2.9317146173717455e-07
2.9224745943356486e-07
2.913268878404603e-07
2.904097318035819e-07
2.894959767781329e-07
2.885856081043244e-07
2.876786111959994e-07
2.86774971458499e-07
2.858746745260001e-07
2.8497770573756065e-07
2.8408405098281075e-07
2.8319369606527707e-07
2.8230662661062026e-07
2.8142282858435816e-07
2.805422879395429e-07
2.7966499070625607e-07
2.787909229213729e-07
2.779200707186243e-07
2.7705242045434646e-07
2.7618795821524615e-07
2.753266704879313e-07
2.7446854345879254e-07
2.73613564044921e-07
2.727617183992782e-07
2.719129932146371e-07
2.7106737521775196e-07
2.702248510866589e-07
2.693854076251389e-07
2.685490318040676e-07
2.6771571052860994e-07
2.6688543054645586e-07
2.660581791298133e-07
2.652339434568574e-07
2.644127105686797e-07
2.6359446760606187e-07
2.6277920208249724e-07
2.61966901169913e-07
2.611575522056316e-07
2.603511428849606e-07
2.5954766078595054e-07
2.5874709322721977e-07
2.5794942812950577e-07
2.5715465291450996e-07
2.5636275571424374e-07
2.55573723982688e-07
2.547875458337194e-07
2.54004209106489e-07
2.532237018791809e-07
2.5244601213084785e-07
2.5167112794306487e-07
2.508990376290766e-07
2.5012972934635235e-07
2.493631913990665e-07
2.4859941200642276e-07
2.478383796000362e-07
2.470800827100783e-07
2.4632450969338694e-07
2.455716491650923e-07
2.448214898150899e-07
2.44074020188265e-07
2.433292290368143e-07
2.4258710517467374e-07
2.4184763728662776e-07
2.4111081436163384e-07
2.403766253337027e-07
2.3964505922690464e-07
2.3891610478945083e-07
2.3818975138696744e-07
2.3746598798007368e-07
2.3674480386868189e-07
2.3602618827509938e-07
2.353101303230691e-07
2.345966195770209e-07
2.338856451890137e-07
2.3317719681296745e-07
2.3247126365927787e-07
2.3176783547702002e-07
2.310669018334399e-07
2.3036845216096767e-07
2.2967247640692204e-07
2.289789640150562e-07
2.28287904952509e-07
2.275992889388822e-07
2.269131059277141e-07
2.2622934581476304e-07
2.255479984181818e-07
2.2486905390448114e-07
2.2419250229855804e-07
2.235183336502304e-07
2.2284653809427895e-07
2.221771058170276e-07
2.2151002718605703e-07
2.208452923027202e-07
2.201828915006056e-07
2.1952281533704335e-07
2.1886505405385362e-07
2.1820959819250032e-07
2.1755643807466666e-07
2.1690556459866656e-07
2.1625696795589702e-07
2.1561063911717123e-07
2.1496656854520453e-07
2.143247469032287e-07
2.1368516526174246e-07
2.1304781415822287e-07
2.1241268456233686e-07
2.1177976727268546e-07
2.111490532736573e-07
2.1052053346467408e-07
2.0989419909974487e-07
2.0927004087040288e-07
2.0864805016886295e-07
2.0802821785885092e-07
2.074105354747533e-07
2.0679499402982998e-07
2.0618158456905978e-07
2.055702987491724e-07
2.0496112780546509e-07
2.043540631131424e-07
2.0374909595337858e-07
2.0314621798062797e-07
2.0254542052987147e-07
2.0194669507486515e-07
2.0135003340260318e-07
2.0075542714430695e-07
2.001628675952969e-07
1.9957234687619321e-07
1.9898385637577464e-07
1.9839738807644557e-07
1.9781293367455628e-07
1.972304849729458e-07
1.966500339744035e-07
1.9607157260694712e-07
1.9549509255275685e-07
1.9492058594659638e-07
1.9434804486658296e-07
1.9377746139479664e-07
1.9320882749946145e-07
1.9264213541162654e-07
1.9207737730059778e-07
1.9151454517934128e-07
1.9095363148565046e-07
1.9039462837636327e-07
1.898375282632124e-07
1.8928232346276768e-07
1.8872900621172842e-07
1.8817756903850835e-07
1.8762800438372086e-07
1.8708030475085248e-07
1.8653446248308518e-07
1.8599047026119717e-07
1.8544832080448196e-07
1.849080063983393e-07
1.843695199625783e-07
1.8383285397461787e-07
1.832980012709969e-07
1.8276495460668563e-07
1.8223370661996558e-07
1.8170425025329449e-07
1.811765783075183e-07
1.8065068363616016e-07
1.8012655915391684e-07
1.796041977584899e-07
1.7908359253393777e-07
1.785647363405736e-07
1.7804762239103412e-07
1.7753224341931303e-07
1.7701859296091354e-07
1.7650666369544772e-07
1.7599644908704454e-07
1.7548794220785457e-07
1.7498113630958865e-07
1.7447602461676634e-07
1.7397260040035406e-07
1.73470856926218e-07
1.7297078764148372e-07
1.724723858018185e-07
1.7197564475068624e-07
1.7148055810400607e-07
1.7098711928567298e-07
1.704953215445504e-07
1.7000515856169397e-07
1.69516623989268e-07
1.6902971121264387e-07
1.6854441388058484e-07
1.6806072564808317e-07
1.675786401304798e-07
1.6709815098786201e-07
1.6661925202702364e-07
1.6614193702870067e-07
1.6566619955215018e-07
1.6519203343701498e-07
1.6471943263905596e-07
1.642483909605286e-07
1.6377890223427345e-07
1.633109603050258e-07
1.6284455938173937e-07
1.6237969302139523e-07
1.6191635543237794e-07
1.6145454060895645e-07
1.6099424254709802e-07
1.6053545535605619e-07
1.6007817312015944e-07
1.5962238991807133e-07
1.591680999559022e-07
1.587152972398078e-07
1.5826397620077287e-07
1.5781413084325127e-07
1.5736575547474097e-07
1.5691884438857715e-07
1.5647339191661185e-07
1.560293923901295e-07
1.5558683996255133e-07
1.5514572923138502e-07
1.5470605442368667e-07
1.542678099891209e-07
1.5383099044135924e-07
1.5339559028840715e-07
1.529616038751348e-07
1.5252902579451123e-07
1.5209785050809023e-07
1.5166807265132149e-07
1.5123968684775832e-07
1.5081268768016877e-07
1.503870697511454e-07
1.4996282770462967e-07
1.4953995619022592e-07
1.4911845009147733e-07
1.4869830385406762e-07
1.4827951251730828e-07
1.4786207064979835e-07
1.4744597320531458e-07
1.470312147807756e-07
1.4661779044777534e-07
1.462056949510708e-07
1.4579492308583117e-07
1.453854699264791e-07
1.449773303214268e-07
1.44570499303178e-07
1.4416497182323486e-07
1.4376074274020248e-07
1.433578072638765e-07
1.429561601775237e-07
1.4255579690108686e-07
1.421567121390952e-07
1.4175890132055256e-07
1.4136235928989634e-07
1.4096708141042166e-07
1.4057306272651698e-07
1.4018029850064904e-07
1.397887838650021e-07
1.393985140616496e-07
1.3900948450825903e-07
1.3862169014385642e-07
1.382351266024876e-07
1.3784978881751187e-07
1.3746567251416983e-07
1.3708277287165368e-07
1.367010851654493e-07
1.3632060504036e-07
1.3594132756511932e-07
1.3556324839472472e-07
1.3518636305785656e-07
1.3481066673766644e-07
1.344361552539826e-07
1.340628237933534e-07
1.3369066820392725e-07
1.33319683708503e-07
1.3294986616202438e-07
1.3258121104048678e-07
1.322137137824991e-07
1.3184737029228325e-07
1.3148217613646176e-07
1.311181267836626e-07
1.3075521812960825e-07
1.3039344578396803e-07
1.3003280541758612e-07
1.2967329288936368e-07
1.2931490396133995e-07
1.2895763412479525e-07
1.2860147950315535e-07
1.282464357791556e-07
1.278924989215819e-07
1.2753966445569773e-07
1.2718792840579876e-07
1.2683728667609462e-07
1.2648773520591324e-07
1.261392699028616e-07
1.2579188655785868e-07
1.2544558110739826e-07
1.2510034984143112e-07
1.247561885327484e-07
1.2441309301135044e-07
1.240710595632206e-07
1.2373008395208477e-07
1.2339016257438037e-07
1.2305129125444055e-07
1.227134661485311e-07
1.2237668343727398e-07
1.2204093895916088e-07
1.2170622919899035e-07
1.2137255010967348e-07
1.2103989798171847e-07
1.2070826886659538e-07
1.203776589783418e-07
1.200480646861987e-07
1.1971948195383598e-07
1.1939190735384515e-07
1.1906533695242009e-07
1.1873976693753843e-07
1.184151938177822e-07
1.1809161380831658e-07
1.1776902324948948e-07
1.1744741848164787e-07
1.1712679579529167e-07
1.1680715184457418e-07
1.1648848261241737e-07
1.16170784803386e-07
1.1585405464170393e-07
1.155382886506741e-07
1.1522348337115867e-07
1.1490963509648498e-07
1.1459674050345913e-07
1.142847959125965e-07
1.1397379784039943e-07
1.1366374288153872e-07
1.1335462761652322e-07
1.1304644861793106e-07
1.1273920220287567e-07
1.124328852050625e-07
1.1212749423728511e-07
1.118230256761314e-07
1.1151947644650155e-07
1.1121684295387044e-07
1.1091512185577795e-07
1.1061431004483565e-07
1.103144040018531e-07
1.1001540042685115e-07
1.0971729616712473e-07
1.0942008776805554e-07
1.0912377213528019e-07
1.0882834598014654e-07
1.0853380594432924e-07
1.0824014898331e-07
1.0794737167588757e-07
1.0765547100020049e-07
1.0736444377465025e-07
1.070742868652189e-07
1.0678499685296898e-07
1.0649657087350676e-07
1.0620900584152632e-07
1.059222983618789e-07
1.0563644552315463e-07
1.0535144413978624e-07
1.0506729132868475e-07
1.0478398374681177e-07
1.0450151860000831e-07
1.0421989259224906e-07
1.0393910299678047e-07
1.0365914656572377e-07
1.033800205281421e-07
1.0310172155628747e-07
1.0282424704122347e-07
1.0254759372260786e-07
1.0227175890767005e-07
1.0199673938251479e-07
1.0172253249288842e-07
1.0144913517386817e-07
1.0117654454462389e-07
1.0090475777587041e-07
1.006337719510909e-07
1.0036358428008392e-07
1.0009419172964477e-07
9.98255915259978e-08
9.955778095427652e-08
9.929075709059796e-08
9.902451714192611e-08
9.875905830502827e-08
9.849437794830299e-08
9.823047305213687e-08
9.796734103930576e-08
9.770497912186899e-08
9.744338456286528e-08
9.718255458964763e-08
9.692248652019807e-08
9.666317774103823e-08
9.640462540021747e-08
9.614682685876656e-08
9.588977964254972e-08
9.563348083334173e-08
9.53779277802767e-08
9.512311808965185e-08
9.486904908907575e-08
9.461571790620327e-08
9.436312217338647e-08
9.411125920860324e-08
9.386012648220318e-08
9.360972146623496e-08
9.336004145488449e-08
9.311108410259309e-08
9.286284669844807e-08
9.261532657515222e-08
9.236852166130239e-08
9.212242902337375e-08
9.187704636735196e-08
9.163237136750107e-08
9.138840112598091e-08
9.11451334807562e-08
9.090256587838123e-08
9.066069584244577e-08
9.041952103928217e-08
9.01790390151369e-08
8.993924728283643e-08
8.970014349908214e-08
8.946172523674246e-08
8.922399014685364e-08
8.898693591896978e-08
8.875055996112413e-08
8.851486003140903e-08
8.827983392813373e-08
8.804547914089788e-08
8.781179343968788e-08
8.757877434412375e-08
8.734641978279456e-08
8.711472736425053e-08
8.688369471233555e-08
8.665331953076098e-08
8.642359964445608e-08
8.619453281547493e-08
8.59661168013396e-08
8.573834925591366e-08
8.551122798486583e-08
8.528475073665445e-08
8.505891537019299e-08
8.483371966792525e-08
8.460916135791674e-08
8.438523830701012e-08
8.416194834466275e-08
8.393928919723973e-08
8.371725878312883e-08
8.349585506886489e-08
8.327507568281805e-08
8.305491870650964e-08
8.283538195013629e-08
8.261646309871095e-08
8.23981603051255e-08
8.218047134105799e-08
8.196339404672484e-08
8.174692647645658e-08
8.153106664040118e-08
8.131581215729642e-08
8.110116122931262e-08
8.088711173518288e-08
8.067366161878048e-08
8.046080877299888e-08
8.024855135809067e-08
8.003688716952123e-08
7.982581437660552e-08
7.961533078783639e-08
7.940543465636158e-08
7.919612370174213e-08
7.898739617599222e-08
7.877924992725426e-08
7.857168318035303e-08
7.836469396922239e-08
7.815828018731923e-08
7.795244005040409e-08
7.77471715301021e-08
7.7542472702829e-08
7.733834173109949e-08
7.713477672135033e-08
7.693177587971134e-08
7.67293368894884e-08
7.652745839353574e-08
