11.644907687084274
11.597104504014576
11.569576810619926
11.548302095113332
11.530723417852757
11.515874417311482
11.503230996494061
11.492435797568548
11.48321749565573
11.475359261935232
11.468682979356416
11.463040126179838
11.458305305560396
11.454371211558705
11.451144946721842
11.448545753651539
11.4465039968664
11.44496085286887
11.443868039990022
11.443187157685053
11.44288850493514
11.442949449804985
11.443352559754237
11.444083770274151
11.445130830610038
11.446482147259086
11.448126024337991
11.450050229795556
11.452241803175294
11.454687037668013
11.457371590222658
11.460280686685028
11.463399391751047
11.466712906981975
11.470206848937636
11.473867451678375
11.477681641082802
11.481636945199673
11.48572123110953
11.489922286588225
11.494227287233045
11.49862220348021
11.50309120754603
11.507616139715468
11.51217608825595
11.516747128407689
11.52130225385224
11.525811519455518
11.530242398095153
11.534560338590506
11.538729497772973
11.542713608832074
11.546476940933218
11.5499853018046
11.553207035148267
11.556113967694872
11.558682265758012
11.56089316755151
11.562733564709662
11.56419641391854
11.56528096697252
11.56599281467154
11.566343746614791
11.56635143502779
11.566038956213024
11.565434167978815
11.564568965411668
11.563478440547014
11.56219997379993
11.56077228639773
11.55923448349037
11.557625117111169
11.555981296754913
11.554337873092848
11.552726717338254
11.551176115116993
11.549710289507864
11.548349063333841
11.547107665951103
11.54599668484418
11.545022157441263
11.544185793868179
11.543485317028756
11.542914902611683
11.54246569856145
11.542126401379234
11.541883865461037
11.54172372159082
11.541630981663497
11.541590608618895
11.541588033267818
11.541609602993383
11.541642951010095
11.54167727876067
11.541703547944435
11.54171458244569
11.541705083936252
11.541671568061291
11.54161223080114
11.541526756772612
11.541416082845423
11.541282131469423
11.541127528517231
11.540955320240574
11.540768703131953
11.540570779112233
11.540364346589811
11.540151735642139
11.539934692961987
11.539714319413587
11.539491060193523
11.539264744829538
11.53903467171374
11.538799729681585
11.538558547420916
11.538309660308188
11.538051683674178
11.537783481518048
11.537504320302741
11.537213998629323
11.536912945226273
11.53660227970024
11.536283832756032
11.53596012497344
11.535634305589765
11.535310054947907
11.534991456210134
11.53468284350631
11.534388634805715
11.534113158425953
11.53386048220305
11.53363425395693
11.533437561037385
11.533272815494058
11.533141669865747
11.53304496682958
11.532982724096081
11.53295415408915
11.532957716211916
11.532991197959921
11.533051819876444
11.533136358405057
11.533241280115641
11.533362880573357
11.533497421275953
11.53364125857446
11.533790959269389
11.533943398580696
11.534095837355583
11.53424597663087
11.534391988931626
11.534532526894491
11.534666710889896
11.534794098229558
11.534914637245798
11.535028609993144
11.535136567542303
11.535239261818338
11.535337577699956
11.535432468676671
11.535524898797119
11.535615792980776
11.535705997056255
11.535796248179187
11.53588715561578
11.535979191290343
11.536072689015784
11.536167850973133
11.536264759788521
11.536363394472493
11.536463648526789
11.53656534867075
11.536668272869974
11.536772166637906
11.536876756898904
11.536981763022418
11.537086904938318
11.537191908502962
11.537296508489987
11.53740044971994
11.537503486915712
11.537605383879276
11.537705912536374
11.537804852301466
11.537901990088788
11.537997121152157
11.538090050791247
11.538180596828894
11.538268592654301
11.538353890548693
11.538436364968142
11.538515915453704
11.538592468869558
11.538665980729942
11.538736435457825
11.538803845513085
11.538868249425999
11.538929708863437
11.538988304932369
11.539044133981355
11.539097303191893
11.53914792625573
11.539196119412752
11.539241998079824
11.539285674238927
11.539327254679746
11.539366840114115
11.53940452510503
11.539440398687292
11.539474545505843
11.539507047265317
11.539537984271998
11.539567436857574
11.53959548650096
11.53962221650671
11.539647712151623
11.539672060269979
11.539695348306545
11.539717662920202
11.539739088264737
11.539759704103982
11.53977958393334
11.539798793278674
11.539817388326707
11.539835415011137
11.53985290863825
11.53986989408931
11.53988638658835
11.53990239297784
11.539917913404663
11.539932943288399
11.539947475425116
11.539961502074027
11.539975016881275
11.539988016513846
11.540000501904839
11.540012479046506
11.540023959306064
11.540034959277982
11.540045500222092
11.540055607166384
11.540065307774722
11.5400746310916
11.540083606277822
11.540092261443254
11.54010062266657
11.540108713269227
11.54011655338407
11.540124159830373
11.540131546279621
11.540138723671994
11.540145700824333
11.540152485157748
11.540159083467511
11.540165502659661
11.540171750387065
11.54017783553141
11.540183768495304
11.540189561288281
11.540195227410363
11.540200781555097
11.540206239169061
11.540211615915652
11.540216927096848
11.540222187087231
11.540227408830383
11.540232603439314
11.540237779930887
11.540242945110728
11.540248103610903
11.540253258069221
11.540258409427452
11.54026355731694
11.5402687004947
11.540273837291238
11.540278966033132
11.540284085408219
11.540289194748615
11.540294294215698
11.540299384880939
11.540304468705795
11.540309548432457
11.540314627403776
11.54031970933528
11.540324798064269
11.540329897300623
11.540335010401472
11.540340140187599
11.540345288813935
11.540350457700445
11.540355647523503
11.54036085826244
11.540366089291316
11.54037133950295
11.540376607450547
11.540381891492194
11.540387189924889
11.540392501097179
11.540397823492764
11.540403155781128
11.540408496834873
11.54041384571683
11.540419201642635
11.540424563926296
11.540429931917204
11.540435304936898
11.540440682223032
11.540446062886414
11.540451445884923
11.540456830015899
11.540462213926485
11.540467596139399
11.540472975090294
11.540478349171854
11.540483716779546
11.540489076354195
11.540494426417323
11.540499765596326
11.54050509263789
11.54051040640946
11.540515705889893
11.540520990151398
11.540526258335717
11.540531509627776
11.540536743230035
11.54054195834041
11.540547154135997
11.540552329763917
11.54055748433985
11.540562616953725
11.54056772668148
11.540572812601056
11.540577873810548
11.540582909446329
11.540587918699124
11.54059290082636
11.540597855159662
11.540602781106966
11.5406076781493
11.540612545832877
11.540617383757565
11.540622191563134
11.540626968914742
11.54063171548916
11.540636430963009
11.540641115003952
11.540645767265483
11.540650387385408
11.540654974987918
11.540659529688584
11.540664051101592
11.540668538848184
11.540672992565398
11.540677411914174
11.540681796586103
11.54068614630826
11.540690460845884
11.54069474000284
11.540698983620079
11.540703191572442
11.540707363764326
11.540711500124733
11.54071560060224
11.540719665160317
11.540723693773414
11.540727686423937
11.540731643100287
11.540735563795861
11.54073944850887
11.540743297242793
11.540747110007164
11.540750886818522
11.540754627701205
11.540758332687961
11.540762001820214
11.540765635147952
11.540769232729396
11.54077279463041
11.54077632092388
11.540779811689147
11.540783267011594
11.540786686982491
11.540790071699124
11.540793421265185
11.54079673579139
11.540800015396211
11.540803260206633
11.540806470358806
11.540809645998472
11.540812787281135
11.540815894371844
11.540818967444665
11.54082200668179
11.540825012272418
11.540827984411436
11.540830923298056
11.540833829134483
11.540836702124718
11.540839542473597
11.54084235038609
11.540845126066891
11.54084786972032
11.540850581550426
11.54085326176133
11.540855910557651
11.540858528145012
11.540861114730479
11.54086367052296
11.540866195733452
11.540868690575152
11.54087115526342
11.540873590015622
11.540875995050852
11.540878370589619
11.540880716853495
11.540883034064795
11.540885322446297
11.540887582221046
11.540889813612228
11.54089201684312
11.540894192137124
11.540896339717808
11.540898459809002
11.540900552634866
11.540902618419945
11.540904657389172
11.540906669767821
11.54090865578142
11.540910615655612
11.540912549615983
11.540914457887883
11.540916340696253
11.540918198265434
11.540920030819079
11.540921838580031
11.54092362177029
11.540925380611
11.540927115322473
11.540928826124244
11.540930513235107
11.5409321768732
11.54093381725601
11.540935434600417
11.54093702912267
11.540938601038375
11.540940150562411
11.54094167790889
11.540943183291052
11.540944666921204
11.540946129010646
11.540947569769616
11.540948989407259
11.540950388131613
11.54095176614962
11.540953123667151
11.54095446088903
11.540955778019084
11.540957075260167
11.540958352814192
11.540959610882139
11.540960849664046
11.540962069358995
11.540963270165063
11.540964452279285
11.540965615897584
11.54096676121472
11.540967888424232
11.54096899771838
11.540970089288123
11.540971163323078
11.540972220011517
11.54097325954036
11.540974282095199
11.5409752878603
11.54097627701864
11.540977249751919
11.540978206240585
11.54097914666385
11.540980071199696
11.540980980024885
11.540981873314943
11.54098275124415
11.540983613985537
11.540984461710861
11.54098529459059
11.540986112793886
11.540986916488595
11.540987705841244
11.540988481017026
11.540989242179812
11.540989989492147
11.540990723115256
11.540991443209057
11.540992149932174
11.540992843441925
11.540993523894354
11.540994191444216
11.540994846244994
11.540995488448889
11.54099611820683
11.540996735668479
11.540997340982203
11.540997934295103
11.540998515752996
11.540999085500424
11.540999643680642
11.54100019043564
11.541000725906127
11.54100125023154
11.541001763550058
11.5410022659986
11.541002757712825
11.54100323882715
11.541003709474742
11.541004169787534
11.541004619896233
11.541005059930303
11.541005490017998
11.541005910286355
11.541006320861191
11.541006721867124
11.54100711342757
11.541007495664749
11.541007868699692
11.541008232652251
11.541008587641096
11.541008933783738
11.541009271196517
11.541009599994618
11.54100992029208
11.541010232201796
11.541010535835522
11.541010831303888
11.541011118716392
11.541011398181421
11.541011669806247
11.541011933697042
11.541012189958876
11.541012438695729
11.54101268001049
11.541012914004986
11.541013140779958
11.541013360435098
11.541013573069034
11.541013778779355
11.541013977662601
11.541014169814291
11.541014355328915
11.541014534299947
11.541014706819851
11.541014872980094
11.541015032871146
11.541015186582495
11.541015334202648
11.541015475819135
11.541015611518526
11.54101574138644
11.54101586550754
11.541015983965542
11.541016096843238
11.541016204222489
11.54101630618423
11.541016402808497
11.541016494174407
11.541016580360193
11.54101666144319
11.541016737499861
11.541016808605786
11.541016874835684
11.541016936263414
11.541016992961985
11.541017045003558
11.541017092459468
11.541017135400205
11.541017173895453
11.541017208014068
11.541017237824112
11.541017263392833
11.541017284786701
11.541017302071383
11.541017315311784
11.541017324572028
11.541017329915482
11.541017331404747
11.541017329101685
11.541017323067408
11.541017313362294
11.541017300045995
11.54101728317744
11.541017262814846
11.541017239015714
11.541017211836854
11.54101718133438
11.541017147563714
11.541017110579602
11.541017070436114
11.541017027186655
11.541016980883962
11.541016931580133
11.541016879326602
11.541016824174173
11.541016766173012
11.541016705372654
11.54101664182202
11.541016575569412
11.541016506662519
11.541016435148435
11.541016361073654
11.54101628448408
11.541016205425034
11.541016123941262
11.541016040076933
11.541015953875656
11.541015865380475
11.541015774633886
11.541015681677836
11.541015586553725
11.541015489302422
11.541015389964267
11.541015288579072
11.54101518518613
11.54101507982422
11.541014972531618
11.541014863346096
11.541014752304925
11.541014639444892
11.541014524802291
11.541014408412943
11.541014290312189
11.5410141705349
11.541014049115487
11.541013926087897
11.541013801485626
11.541013675341718
11.54101354768878
11.541013418558965
11.541013287984013
11.541013155995218
11.541013022623456
11.541012887899187
11.54101275185245
11.541012614512884
11.541012475909708
11.541012336071754
11.541012195027456
11.541012052804849
11.541011909431596
11.541011764934959
11.541011619341841
11.541011472678763
11.541011324971873
11.541011176246965
11.541011026529464
11.541010875844446
11.54101072421663
11.541010571670387
11.541010418229753
11.541010263918416
11.541010108759735
11.541009952776731
11.541009795992103
11.541009638428227
11.541009480107157
11.54100932105063
11.54100916128008
11.541009000816624
11.541008839681076
11.541008677893954
11.541008515475477
11.541008352445568
11.541008188823865
11.541008024629718
11.541007859882193
11.541007694600081
11.54100752880189
11.541007362505866
11.541007195729977
11.54100702849193
11.541006860809171
11.54100669269888
11.541006524177993
11.541006355263184
11.541006185970879
11.54100601631726
11.541005846318265
11.541005675989592
11.541005505346702
11.541005334404822
11.541005163178948
11.541004991683845
11.54100481993406
11.541004647943906
11.541004475727489
11.541004303298688
11.541004130671174
11.541003957858406
11.541003784873629
11.541003611729888
11.541003438440024
11.541003265016675
11.541003091472282
11.541002917819089
11.54100274406915
11.541002570234326
11.54100239632629
11.541002222356529
11.54100204833635
11.541001874276875
11.54100170018905
11.541001526083644
11.541001351971252
11.541001177862293
11.541001003767029
11.541000829695541
11.541000655657752
11.541000481663424
11.54100030772215
11.541000133843376
11.54099996003638
11.540999786310294
11.540999612674092
11.540999439136604
11.540999265706505
11.540999092392326
11.540998919202456
11.540998746145139
11.54099857322848
11.540998400460444
11.540998227848856
11.540998055401413
11.540997883125675
11.540997711029068
11.540997539118893
11.54099736740232
11.540997195886394
11.540997024578033
11.540996853484039
11.540996682611087
11.54099651196573
11.54099634155441
11.540996171383446
11.54099600145905
11.540995831787312
11.54099566237422
11.540995493225642
11.540995324347342
11.54099515574498
11.540994987424106
11.540994819390166
11.540994651648504
11.540994484204363
11.540994317062887
11.54099415022912
11.540993983708004
11.540993817504395
11.540993651623047
11.540993486068626
11.5409933208457
11.54099315595875
11.540992991412166
11.540992827210253
11.540992663357223
11.540992499857209
11.540992336714252
11.54099217393232
11.540992011515286
11.540991849466952
11.540991687791035
11.540991526491176
11.540991365570935
11.5409912050338
11.540991044883178
11.540990885122405
11.540990725754744
11.540990566783378
11.540990408211433
11.540990250041952
11.540990092277914
11.540989934922232
11.540989777977742
11.540989621447222
11.540989465333386
11.540989309638876
11.540989154366274
11.5409889995181
11.540988845096814
11.54098869110481
11.540988537544424
11.540988384417936
11.540988231727558
11.54098807947546
11.540987927663743
11.540987776294452
11.540987625369587
11.540987474891084
11.54098732486083
11.540987175280655
11.540987026152346
11.540986877477629
11.540986729258185
11.540986581495641
11.540986434191582
11.54098628734754
11.540986140965
11.5409859950454
11.54098584959013
11.540985704600542
11.540985560077933
11.540985416023563
11.540985272438645
11.540985129324351
11.540984986681813
11.540984844512115
11.540984702816306
11.540984561595394
11.540984420850338
11.540984280582075
11.54098414079149
11.540984001479432
11.540983862646717
11.540983724294122
11.540983586422385
11.540983449032215
11.540983312124279
11.54098317569921
11.540983039757613
11.540982904300053
11.540982769327062
11.540982634839146
11.54098250083677
11.540982367320378
11.540982234290368
11.540982101747122
11.540981969690986
11.540981838122276
11.540981707041277
11.540981576448248
11.540981446343418
11.540981316726992
11.54098118759914
11.540981058960016
11.540980930809733
11.540980803148393
11.540980675976062
11.540980549292783
11.540980423098576
11.540980297393435
11.54098017217733
11.540980047450207
11.540979923211987
11.540979799462574
11.540979676201841
11.540979553429647
11.540979431145823
11.54097930935018
11.540979188042506
11.540979067222574
11.540978946890133
11.540978827044908
11.54097870768661
11.54097858881493
11.540978470429534
11.540978352530077
11.540978235116187
11.54097811818748
11.540978001743555
11.540977885783988
11.540977770308341
11.540977655316157
11.540977540806963
11.540977426780275
11.54097731323558
11.54097720017236
11.540977087590079
11.540976975488185
11.54097686386611
11.54097675272327
11.540976642059068
11.540976531872893
11.540976422164123
11.540976312932111
11.540976204176213
11.540976095895758
11.540975988090064
11.540975880758443
11.54097577390019
11.540975667514584
11.540975561600899
11.540975456158392
11.54097535118631
11.540975246683885
11.540975142650343
11.540975039084898
11.54097493598675
11.540974833355088
11.540974731189095
11.540974629487941
11.540974528250786
11.540974427476776
11.540974327165054
11.540974227314754
11.540974127924992
11.540974028994883
11.54097393052353
11.540973832510026
11.540973734953456
11.540973637852899
11.540973541207421
11.540973445016087
11.540973349277946
11.540973253992044
11.540973159157419
11.5409730647731
11.540972970838107
11.54097287735146
11.540972784312164
11.54097269171922
11.540972599571624
11.54097250786836
11.540972416608417
11.540972325790763
11.54097223541437
11.5409721454782
11.54097205598121
11.540971966922353
11.540971878300573
11.54097179011481
11.540971702363999
11.540971615047072
11.540971528162949
11.540971441710552
11.540971355688795
11.540971270096588
11.540971184932838
11.54097110019644
11.540971015886297
11.540970932001297
11.540970848540328
11.540970765502275
11.540970682886016
11.540970600690429
11.540970518914381
11.540970437556746
11.540970356616388
11.540970276092168
11.540970195982942
11.540970116287564
11.54097003700489
11.540969958133767
11.54096987967304
11.54096980162155
11.540969723978142
11.540969646741647
11.540969569910905
11.540969493484745
11.540969417461996
11.540969341841489
11.540969266622048
11.540969191802493
11.540969117381646
11.540969043358327
11.540968969731352
11.540968896499537
11.540968823661697
11.540968751216639
11.540968679163173
11.54096860750011
11.540968536226258
11.540968465340418
11.540968394841396
11.540968324727995
11.540968254999017
11.540968185653263
11.54096811668953
11.540968048106613
11.54096797990332
11.54096791207844
11.540967844630767
11.540967777559098
11.540967710862228
11.54096764453895
11.54096757858806
11.540967513008342
11.540967447798593
11.540967382957607
11.54096731848417
11.540967254377078
11.540967190635117
11.540967127257076
11.540967064241752
11.54096700158793
11.540966939294401
11.540966877359955
11.540966815783381
11.54096675456347
11.540966693699017
11.540966633188805
11.540966573031628
11.540966513226277
11.540966453771542
11.540966394666219
11.540966335909093
11.540966277498965
11.540966219434623
11.54096616171486
11.540966104338471
11.540966047304252
11.540965990611
11.54096593425751
11.540965878242577
11.540965822565
11.540965767223577
11.54096571221711
11.540965657544398
11.54096560320424
11.540965549195441
11.540965495516803
11.540965442167131
11.54096538914523
11.540965336449908
11.540965284079968
11.540965232034223
11.540965180311481
11.540965128910553
11.540965077830254
11.540965027069392
11.54096497662679
11.540964926501259
11.540964876691616
11.540964827196683
11.54096477801528
11.540964729146227
11.540964680588349
11.540964632340469
11.540964584401417
11.54096453677002
11.540964489445107
11.540964442425508
11.540964395710056
11.54096434929759
11.540964303186941
11.540964257376949
11.540964211866454
11.540964166654298
11.54096412173932
11.540964077120371
11.540964032796293
11.540963988765938
11.540963945028155
11.540963901581794
11.540963858425712
11.540963815558767
11.540963772979815
11.540963730687714
11.54096368868133
11.540963646959524
11.540963605521164
11.540963564365116
11.54096352349025
11.540963482895442
11.540963442579562
11.54096340254149
11.5409633627801
11.540963323294276
11.540963284082899
11.540963245144857
11.540963206479033
11.540963168084318
11.540963129959602
11.54096309210378
11.54096305451575
11.540963017194407
11.540962980138652
11.540962943347388
11.54096290681952
11.540962870553953
11.540962834549601
11.540962798805372
11.540962763320184
11.54096272809295
11.540962693122587
11.540962658408024
11.540962623948175
11.540962589741975
11.540962555788346
11.54096252208622
11.540962488634532
11.540962455432219
11.540962422478213
11.540962389771462
11.540962357310903
11.540962325095485
11.540962293124155
11.540962261395862
11.54096222990956
11.540962198664207
11.540962167658757
11.54096213689217
11.540962106363413
11.54096207607145
11.540962046015245
11.540962016193776
11.540961986606009
11.540961957250923
11.540961928127498
11.540961899234711
11.540961870571547
11.540961842136992
11.540961813930036
11.54096178594967
11.540961758194884
11.540961730664678
11.54096170335805
11.540961676274001
11.540961649411539
11.540961622769666
11.540961596347392
11.540961570143734
11.540961544157701
11.540961518388313
11.54096149283459
11.540961467495556
11.540961442370236
11.540961417457654
11.540961392756845
11.540961368266842
11.54096134398668
11.5409613199154
11.540961296052041
11.540961272395649
11.540961248945269
11.540961225699952
11.54096120265875
11.540961179820718
11.540961157184912
11.540961134750395
11.540961112516227
11.540961090481478
11.540961068645212
11.540961047006501
11.540961025564421
11.54096100431805
11.540960983266462
11.540960962408743
11.540960941743979
11.540960921271253
11.540960900989658
11.540960880898288
11.540960860996234
11.5409608412826
11.540960821756485
11.54096080241699
11.540960783263225
11.540960764294297
11.540960745509324
11.54096072690741
11.540960708487685
11.540960690249259
11.54096067219126
11.54096065431281
11.540960636613042
11.540960619091083
11.540960601746072
11.54096058457714
11.540960567583427
11.54096055076408
11.540960534118241
11.540960517645054
11.540960501343674
11.540960485213253
11.540960469252944
11.540960453461908
11.540960437839306
11.540960422384302
11.54096040709606
11.540960391973751
11.54096037701655
11.540960362223627
11.54096034759416
11.540960333127332
11.540960318822323
11.54096030467832
11.540960290694514
11.540960276870091
11.54096026320425
11.54096024969618
11.540960236345086
11.540960223150169
11.540960210110633
11.540960197225683
11.540960184494532
11.540960171916392
11.540960159490476
11.540960147216007
11.540960135092199
11.540960123118278
11.540960111293474
11.54096009961701
11.54096008808812
11.540960076706039
11.540960065470003
11.54096005437925
11.54096004343302
11.540960032630565
11.540960021971127
11.540960011453956
11.540960001078304
11.54095999084343
11.540959980748589
11.540959970793043
11.540959960976053
11.54095995129689
11.540959941754815
11.540959932349104
11.540959923079031
11.54095991394387
11.540959904942902
11.54095989607541
11.540959887340671
11.540959878737983
11.540959870266626
11.540959861925895
11.540959853715087
11.540959845633495
11.54095983768042
11.540959829855169
11.54095982215704
11.540959814585346
11.540959807139393
11.540959799818499
11.540959792621974
11.540959785549138
11.540959778599309
11.540959771771817
11.540959765065978
11.540959758481128
11.540959752016592
11.540959745671707
11.540959739445805
11.540959733338228
11.540959727348314
11.540959721475406
11.540959715718852
11.540959710077997
11.540959704552195
11.5409596991408
11.540959693843163
11.540959688658646
11.540959683586607
11.540959678626413
11.540959673777426
11.540959669039015
11.54095966441055
11.540959659891408
11.540959655480961
11.540959651178586
11.540959646983667
11.540959642895585
11.540959638913725
11.540959635037472
11.540959631266224
11.540959627599367
11.540959624036297
11.540959620576412
11.540959617219114
11.540959613963802
11.540959610809884
11.540959607756761
11.54095960480385
11.540959601950558
11.5409595991963
11.540959596540494
11.540959593982556
11.540959591521913
11.540959589157982
11.540959586890192
11.540959584717973
11.540959582640753
11.540959580657965
11.540959578769046
11.540959576973433
11.540959575270564
11.540959573659887
11.54095957214084
11.540959570712875
11.540959569375438
11.540959568127983
11.54095956696996
11.540959565900827
11.540959564920046
11.540959564027073
11.54095956322137
11.540959562502408
11.54095956186965
11.54095956132257
11.540959560860633
11.540959560483316
11.540959560190098
11.540959559980458
11.54095955985387
11.540959559809822
11.540959559847801
11.540959559967291
11.540959560167785
11.540959560448771
11.540959560809746
11.540959561250205
11.540959561769645
11.54095956236757
11.54095956304348
11.54095956379688
11.54095956462728
11.540959565534184
11.540959566517108
11.540959567575563
11.540959568709065
11.540959569917133
11.540959571199284
11.540959572555042
11.540959573983935
11.54095957548548
11.540959577059212
11.540959578704662
11.540959580421356
11.540959582208833
11.54095958406663
11.540959585994285
11.540959587991338
11.540959590057332
11.540959592191811
11.540959594394323
11.540959596664418
11.540959599001644
11.540959601405556
11.540959603875708
11.540959606411656
11.54095960901296
11.540959611679183
11.540959614409886
11.540959617204633
11.540959620062992
11.540959622984532
11.540959625968824
11.54095962901544
11.540959632123954
11.540959635293946
11.540959638524992
11.540959641816674
11.540959645168572
11.540959648580273
11.540959652051361
11.54095965558143
11.540959659170063
11.540959662816856
11.540959666521404
11.540959670283302
11.540959674102146
11.540959677977536
11.540959681909076
11.540959685896365
11.540959689939013
11.540959694036625
11.540959698188813
11.540959702395183
11.540959706655348
11.540959710968925
11.540959715335534
11.540959719754785
11.540959724226305
11.540959728749709
11.540959733324627
11.540959737950681
11.5409597426275
11.54095974735471
11.540959752131945
11.540959756958836
11.540959761835017
11.540959766760125
11.540959771733798
11.540959776755674
11.540959781825396
11.540959786942604
11.540959792106948
11.540959797318072
11.540959802575623
11.54095980787925
11.540959813228609
11.54095981862335
11.540959824063126
11.5409598295476
11.540959835076427
11.540959840649265
11.540959846265778
11.54095985192563
11.540959857628485
11.540959863374011
11.540959869161876
11.540959874991747
11.5409598808633
11.540959886776207
11.540959892730141
11.54095989872478
11.540959904759804
11.540959910834893
11.540959916949722
11.540959923103982
11.540959929297351
11.540959935529521
11.540959941800175
11.540959948109005
11.540959954455701
11.540959960839956
11.540959967261463
11.540959973719918
11.54095998021502
11.540959986746465
11.540959993313955
11.540959999917188
11.54096000655587
11.540960013229709
11.540960019938408
11.540960026681674
11.540960033459216
11.540960040270747
11.540960047115975
11.540960053994619
11.540960060906393
11.54096006785101
11.540960074828195
11.54096008183766
11.54096008887913
11.540960095952329
11.540960103056976
11.540960110192803
11.540960117359528
11.54096012455689
11.540960131784608
11.540960139042422
11.540960146330058
11.540960153647253
11.540960160993741
11.54096016836926
11.540960175773549
11.540960183206346
11.540960190667391
11.540960198156426
11.540960205673198
11.540960213217447
11.540960220788923
11.540960228387371
11.540960236012543
11.54096024366419
11.540960251342058
11.540960259045905
11.540960266775485
11.540960274530548
11.54096028231086
11.540960290116171
11.54096029794625
11.540960305800844
11.54096031367973
11.54096032158266
11.540960329509405
11.540960337459728
11.540960345433398
11.540960353430183
11.540960361449851
11.54096036949218
11.540960377556933
11.540960385643888
11.540960393752819
11.540960401883504
11.540960410035717
11.540960418209238
11.540960426403847
11.540960434619326
11.540960442855454
11.540960451112015
11.540960459388797
11.54096046768558
11.540960476002155
11.540960484338308
11.540960492693833
11.540960501068513
11.540960509462145
11.540960517874518
11.54096052630543
11.540960534754673
11.540960543222043
11.54096055170734
11.54096056021036
11.540960568730902
11.54096057726877
11.540960585823763
11.540960594395687
11.540960602984343
11.540960611589536
11.540960620211074
11.540960628848763
11.540960637502415
11.540960646171836
11.540960654856836
11.54096066355723
11.54096067227283
11.540960681003448
11.5409606897489
11.540960698509004
11.540960707283572
11.540960716072426
11.540960724875385
11.54096073369227
11.540960742522898
11.540960751367098
11.540960760224689
11.540960769095493
11.54096077797934
11.540960786876052
11.540960795785463
11.540960804707392
11.540960813641679
11.540960822588147
11.54096083154663
11.54096084051696
11.540960849498969
11.540960858492493
11.540960867497366
11.540960876513427
11.54096088554051
11.540960894578456
11.540960903627099
11.540960912686286
11.540960921755854
11.540960930835645
11.540960939925503
11.540960949025271
11.540960958134795
11.540960967253918
11.540960976382491
11.540960985520357
11.540960994667369
11.540961003823371
11.54096101298822
11.54096102216176
11.54096103134385
11.540961040534338
11.540961049733077
11.540961058939926
11.540961068154738
11.540961077377371
11.540961086607684
11.540961095845526
11.54096110509077
11.540961114343263
11.540961123602873
11.540961132869462
11.54096114214289
11.54096115142302
11.540961160709719
11.54096117000285
11.540961179302279
11.54096118860787
11.540961197919495
11.540961207237022
11.540961216560316
11.540961225889252
11.540961235223698
11.540961244563524
11.540961253908605
11.540961263258813
11.540961272614023
11.54096128197411
11.540961291338945
11.54096130070841
11.54096131008238
11.540961319460731
11.540961328843345
11.540961338230096
11.540961347620872
11.540961357015547
11.540961366414006
11.540961375816131
11.540961385221802
11.540961394630907
11.54096140404333
11.540961413458955
11.540961422877668
11.540961432299357
11.540961441723908
11.54096145115121
11.540961460581153
11.540961470013626
11.540961479448516
11.540961488885717
11.540961498325123
11.540961507766623
11.540961517210112
11.540961526655483
11.540961536102632
11.54096154555145
11.540961555001841
11.540961564453694
11.540961573906909
11.540961583361385
11.540961592817018
11.54096160227371
11.540961611731358
11.540961621189865
11.540961630649132
11.54096164010906
11.540961649569553
11.540961659030513
11.540961668491844
11.540961677953453
11.54096168741524
11.540961696877112
11.54096170633898
11.540961715800744
11.540961725262319
11.540961734723608
11.540961744184521
11.54096175364497
11.540961763104862
11.540961772564106
11.540961782022618
11.54096179148031
11.54096180093709
11.540961810392876
11.540961819847576
11.540961829301107
11.540961838753388
11.540961848204327
11.540961857653846
11.540961867101856
11.54096187654828
11.540961885993033
11.540961895436032
11.540961904877198
11.54096191431645
11.540961923753706
11.540961933188889
11.54096194262192
11.540961952052717
11.540961961481209
11.54096197090731
11.54096198033095
11.540961989752049
11.540961999170534
11.540962008586328
11.540962017999359
11.54096202740955
11.540962036816829
11.540962046221122
11.540962055622357
11.54096206502046
11.540962074415365
11.540962083806996
11.54096209319528
11.540962102580153
11.540962111961544
11.540962121339383
11.5409621307136
11.540962140084133
11.540962149450909
11.540962158813862
11.540962168172925
11.540962177528034
11.540962186879119
11.54096219622612
11.54096220556897
11.540962214907607
11.540962224241964
11.54096223357198
11.540962242897592
11.540962252218737
11.540962261535352
11.540962270847379
11.540962280154755
11.54096228945742
11.54096229875531
11.540962308048373
11.540962317336545
11.54096232661977
11.540962335897985
11.540962345171137
11.540962354439168
11.54096236370202
11.540962372959633
11.540962382211958
11.540962391458937
11.540962400700511
11.540962409936629
11.540962419167236
11.540962428392275
11.540962437611698
11.540962446825446
11.540962456033471
11.540962465235717
11.540962474432135
11.540962483622673
11.540962492807278
11.5409625019859
11.540962511158492
11.540962520325
11.540962529485373
11.540962538639569
11.54096254778753
11.540962556929216
11.540962566064573
11.54096257519356
11.540962584316121
11.540962593432216
11.540962602541798
11.540962611644815
11.54096262074123
11.540962629830991
11.540962638914054
11.540962647990376
11.540962657059914
11.540962666122624
11.540962675178458
11.540962684227376
11.540962693269334
11.54096270230429
11.540962711332202
11.540962720353033
11.540962729366733
11.540962738373265
11.540962747372589
11.540962756364662
11.540962765349448
11.540962774326903
11.54096278329699
11.540962792259672
11.540962801214905
11.540962810162654
11.54096281910288
11.540962828035545
11.540962836960613
11.540962845878045
11.540962854787807
11.540962863689858
11.540962872584165
11.540962881470694
11.540962890349405
11.540962899220265
11.540962908083241
11.540962916938295
11.540962925785395
11.540962934624504
11.540962943455591
11.540962952278626
11.540962961093568
11.540962969900391
11.540962978699058
11.540962987489538
11.5409629962718
11.540963005045812
11.540963013811544
11.54096302256896
11.540963031318036
11.540963040058738
11.540963048791037
11.540963057514901
11.540963066230303
11.54096307493721
11.540963083635596
11.54096309232543
11.54096310100669
11.540963109679337
11.540963118343353
11.540963126998705
11.540963135645365
11.540963144283307
11.540963152912507
11.540963161532932
11.540963170144561
11.540963178747367
11.54096318734132
11.540963195926402
11.54096320450258
11.540963213069833
11.540963221628134
11.540963230177463
11.54096323871779
11.54096324724909
11.540963255771347
11.54096326428453
11.540963272788618
11.54096328128359
11.540963289769417
11.540963298246085
11.540963306713563
11.540963315171835
11.540963323620876
11.540963332060665
11.540963340491178
11.540963348912397
11.540963357324303
11.540963365726869
11.540963374120079
11.54096338250391
11.540963390878344
11.54096339924336
11.54096340759894
11.54096341594506
11.540963424281705
11.540963432608853
11.54096344092649
11.54096344923459
11.54096345753314
11.540963465822122
11.540963474101515
11.540963482371303
11.54096349063147
11.540963498881993
11.540963507122859
11.54096351535405
11.540963523575552
11.540963531787344
11.540963539989415
11.540963548181743
11.540963556364318
11.540963564537117
11.54096357270013
11.540963580853338
11.540963588996732
11.54096359713029
11.540963605254
11.540963613367847
11.540963621471818
11.540963629565896
11.540963637650071
11.540963645724323
11.540963653788646
11.540963661843021
11.540963669887436
11.540963677921878
11.540963685946336
11.540963693960794
11.54096370196524
11.540963709959664
11.54096371794405
11.54096372591839
11.540963733882672
11.54096374183688
11.540963749781003
11.540963757715035
11.54096376563896
11.540963773552768
11.540963781456448
11.54096378934999
11.540963797233383
11.540963805106617
11.540963812969682
11.540963820822565
11.540963828665262
11.540963836497758
11.540963844320045
11.540963852132114
11.540963859933955
11.540963867725559
11.54096387550692
11.540963883278025
11.540963891038867
11.540963898789437
11.540963906529727
11.54096391425973
11.540963921979438
11.54096392968884
11.540963937387932
11.540963945076705
11.540963952755149
11.54096396042326
11.54096396808103
11.540963975728452
11.540963983365518
11.540963990992225
11.540963998608559
11.540964006214521
11.540964013810102
11.540964021395295
11.540964028970095
11.540964036534493
11.54096404408849
11.540964051632075
11.540964059165244
11.540964066687991
11.54096407420031
11.5409640817022
11.54096408919365
11.54096409667466
11.540964104145223
11.540964111605337
11.540964119054992
11.54096412649419
11.540964133922925
11.54096414134119
11.540964148748984
11.5409641561463
11.540964163533138
11.540964170909493
11.540964178275361
11.54096418563074
11.540964192975624
11.540964200310015
11.540964207633904
11.54096421494729
11.540964222250174
11.54096422954255
11.540964236824415
11.540964244095768
11.540964251356607
11.540964258606927
11.54096426584673
11.540964273076012
11.54096428029477
11.540964287503005
11.540964294700714
11.540964301887895
11.540964309064545
11.540964316230667
11.540964323386257
11.540964330531313
11.540964337665837
11.540964344789828
11.54096435190328
11.540964359006198
11.54096436609858
11.540964373180426
11.540964380251731
11.540964387312503
11.540964394362735
11.540964401402427
11.540964408431584
11.540964415450203
11.540964422458284
11.54096442945583
11.540964436442836
11.540964443419309
11.540964450385244
11.540964457340646
11.540964464285514
11.54096447121985
11.54096447814365
11.540964485056922
11.540964491959665
11.540964498851878
11.540964505733562
11.540964512604724
11.54096451946536
11.540964526315472
11.540964533155062
11.540964539984136
11.540964546802693
11.540964553610735
11.540964560408261
11.540964567195278
11.540964573971786
11.54096458073779
11.540964587493287
11.540964594238282
11.540964600972778
11.540964607696779
11.540964614410287
11.5409646211133
11.540964627805828
11.540964634487871
11.540964641159432
11.540964647820514
11.540964654471122
11.540964661111254
11.540964667740921
11.540964674360119
11.540964680968855
11.540964687567136
11.54096469415496
11.540964700732331
11.540964707299258
11.54096471385574
11.540964720401782
11.54096472693739
11.540964733462566
11.540964739977314
11.540964746481642
11.540964752975547
11.54096475945904
11.540964765932124
11.540964772394803
11.54096477884708
11.540964785288963
11.540964791720452
11.540964798141555
11.54096480455228
11.540964810952623
11.540964817342596
11.540964823722204
11.540964830091449
11.540964836450339
11.540964842798878
11.54096484913707
11.540964855464921
